TN:
SF:/Users/evintleovonzko/Documents/Works/Kolosal/torch-inference/src/api/audio.rs
FN:73,synthesize_speech
FN:122,transcribe_audio
FN:193,validate_audio
FN:247,audio_health
FN:279,base64_encode
FNF:5
FNDA:14,synthesize_speech
FNDA:16,transcribe_audio
FNDA:12,validate_audio
FNDA:20,audio_health
FNDA:10,base64_encode
DA:73,14
DA:77,28
DA:78,2
DA:82,48
DA:83,12
DA:85,12
DA:89,60
DA:92,32
DA:93,24
DA:97,24
DA:98,8
DA:103,32
DA:104,8
DA:107,16
DA:108,32
DA:109,8
DA:111,16
DA:112,24
DA:114,24
DA:115,16
DA:116,16
DA:117,16
DA:118,8
DA:122,16
DA:126,32
DA:127,48
DA:128,32
DA:131,130
DA:132,70
DA:133,60
DA:134,100
DA:136,28
DA:137,84
DA:138,36
DA:139,36
DA:141,8
DA:142,8
DA:143,28
DA:144,12
DA:145,12
DA:147,8
DA:148,4
DA:149,4
DA:150,14
DA:151,6
DA:152,6
DA:154,4
DA:158,28
DA:159,2
DA:163,24
DA:164,46
DA:165,18
DA:168,26
DA:169,22
DA:172,24
DA:173,6
DA:176,20
DA:177,6
DA:178,2
DA:179,2
DA:180,2
DA:181,2
DA:182,4
DA:185,18
DA:186,12
DA:187,12
DA:188,6
DA:189,6
DA:193,12
DA:196,24
DA:197,24
DA:199,84
DA:200,36
DA:202,76
DA:203,30
DA:204,30
DA:208,24
DA:209,8
DA:210,6
DA:211,2
DA:212,4
DA:213,2
DA:214,2
DA:215,2
DA:216,2
DA:220,20
DA:222,20
DA:223,4
DA:224,12
DA:225,4
DA:226,12
DA:227,8
DA:228,8
DA:229,4
DA:230,4
DA:233,6
DA:234,24
DA:235,18
DA:236,6
DA:237,12
DA:238,6
DA:239,6
DA:240,6
DA:241,6
DA:247,20
DA:248,20
DA:249,20
DA:251,20
DA:252,16
DA:253,6
DA:255,16
DA:256,6
DA:260,0
DA:262,10
DA:265,30
DA:266,30
DA:267,30
DA:268,20
DA:269,30
DA:270,30
DA:271,30
DA:272,20
DA:274,10
DA:279,10
DA:281,30
LF:125
LH:124
end_of_record
TN:
SF:/Users/evintleovonzko/Documents/Works/Kolosal/torch-inference/src/api/classification.rs
FN:29,classify_image_file
FN:62,classify_image_upload
FN:122,get_classes
FN:146,get_classifier_info
FN:384,configure
FNF:5
FNDA:6,classify_image_file
FNDA:6,classify_image_upload
FNDA:4,get_classes
FNDA:2,get_classifier_info
FNDA:2,configure
DA:29,6
DA:33,16
DA:34,12
DA:36,12
DA:37,4
DA:38,2
DA:41,6
DA:43,6
DA:44,0
DA:45,0
DA:46,0
DA:47,0
DA:48,0
DA:51,2
DA:52,6
DA:53,2
DA:54,4
DA:55,2
DA:62,6
DA:66,12
DA:67,12
DA:70,50
DA:71,24
DA:73,24
DA:74,40
DA:76,8
DA:77,8
DA:79,14
DA:80,6
DA:81,6
DA:84,6
DA:86,8
DA:87,28
DA:88,12
DA:89,12
DA:91,12
DA:92,4
DA:95,2
DA:99,12
DA:100,4
DA:103,6
DA:104,0
DA:105,0
DA:106,0
DA:107,0
DA:108,0
DA:111,2
DA:112,6
DA:113,2
DA:114,4
DA:115,2
DA:122,4
DA:125,8
DA:128,8
DA:129,32
DA:130,96
DA:131,96
DA:132,24
DA:133,24
DA:138,16
DA:139,8
DA:140,8
DA:141,8
DA:146,2
DA:149,8
DA:150,4
DA:151,6
DA:152,4
DA:153,2
DA:154,2
DA:384,2
DA:385,4
DA:386,4
DA:387,8
DA:388,8
DA:389,8
DA:390,8
LF:77
LH:67
end_of_record
TN:
SF:/Users/evintleovonzko/Documents/Works/Kolosal/torch-inference/src/api/handlers.rs
FN:13,root
FN:29,health_check
FN:46,predict
FN:115,synthesize_tts
FN:155,list_models
FN:172,get_stats
FN:186,get_endpoint_stats
FN:197,get_system_info
FN:212,configure_routes
FNF:9
FNDA:20,root
FNDA:8,health_check
FNDA:14,predict
FNDA:8,synthesize_tts
FNDA:6,list_models
FNDA:6,get_stats
FNDA:6,get_endpoint_stats
FNDA:6,get_system_info
FNDA:6,configure_routes
DA:13,20
DA:14,30
DA:15,10
DA:16,10
DA:17,10
DA:18,30
DA:19,10
DA:20,10
DA:21,10
DA:22,10
DA:23,10
DA:24,10
DA:29,8
DA:33,16
DA:34,16
DA:36,24
DA:37,8
DA:38,8
DA:39,8
DA:40,8
DA:41,8
DA:42,24
DA:46,14
DA:54,42
DA:61,30
DA:62,4
DA:63,4
DA:67,48
DA:68,28
DA:69,4
DA:70,8
DA:72,12
DA:73,4
DA:74,8
DA:75,8
DA:76,8
DA:77,4
DA:81,8
DA:82,16
DA:84,32
DA:85,4
DA:86,8
DA:87,12
DA:90,16
DA:92,12
DA:93,4
DA:94,8
DA:95,8
DA:96,4
DA:97,4
DA:100,4
DA:101,8
DA:102,12
DA:104,12
DA:105,4
DA:106,8
DA:107,8
DA:108,4
DA:109,4
DA:115,8
DA:120,8
DA:121,16
DA:123,32
DA:124,4
DA:125,8
DA:126,12
DA:128,12
DA:129,4
DA:130,8
DA:131,8
DA:132,8
DA:133,8
DA:134,4
DA:135,4
DA:138,4
DA:139,8
DA:140,12
DA:142,12
DA:143,4
DA:144,8
DA:145,8
DA:146,8
DA:147,8
DA:148,8
DA:149,4
DA:155,6
DA:159,6
DA:160,12
DA:162,12
DA:163,12
DA:164,18
DA:166,18
DA:167,6
DA:168,18
DA:172,6
DA:176,6
DA:177,12
DA:179,12
DA:180,12
DA:181,18
DA:183,18
DA:186,6
DA:189,12
DA:190,30
DA:191,18
DA:192,6
DA:193,18
DA:197,6
DA:201,12
DA:203,18
DA:204,12
DA:205,12
DA:206,12
DA:207,12
DA:208,6
DA:212,6
DA:213,222
DA:214,210
DA:215,204
DA:216,198
DA:217,192
DA:218,186
DA:219,180
DA:220,174
DA:222,168
DA:223,162
DA:224,156
DA:225,150
DA:227,144
DA:228,138
DA:229,132
DA:230,126
DA:232,120
DA:233,114
DA:234,108
DA:235,102
DA:236,96
DA:237,90
DA:238,84
DA:239,78
DA:241,72
DA:242,66
DA:244,60
DA:245,54
DA:246,48
DA:248,42
DA:249,36
DA:250,30
DA:252,24
DA:253,18
DA:254,24
LF:151
LH:151
end_of_record
TN:
SF:/Users/evintleovonzko/Documents/Works/Kolosal/torch-inference/src/api/health.rs
FN:26,liveness
FN:44,readiness
FN:106,health
FNF:3
FNDA:6,liveness
FNDA:10,readiness
FNDA:24,health
DA:26,6
DA:29,8
DA:32,12
DA:33,8
DA:34,8
DA:35,4
DA:36,4
DA:39,8
DA:44,10
DA:47,16
DA:48,16
DA:49,16
DA:51,16
DA:54,16
DA:55,4
DA:57,4
DA:60,24
DA:61,40
DA:62,24
DA:63,8
DA:64,8
DA:68,24
DA:69,40
DA:70,24
DA:71,8
DA:72,8
DA:76,24
DA:77,40
DA:78,24
DA:79,16
DA:80,8
DA:84,72
DA:85,6
DA:87,2
DA:91,24
DA:92,24
DA:93,24
DA:94,8
DA:98,8
DA:99,12
DA:101,4
DA:106,24
DA:109,44
DA:110,44
DA:111,44
DA:113,44
DA:116,110
DA:117,66
DA:118,22
DA:119,22
DA:123,44
DA:124,16
DA:126,6
DA:129,44
DA:130,18
DA:131,4
DA:132,2
DA:134,2
DA:137,110
DA:138,66
DA:139,22
DA:140,22
DA:144,44
DA:145,16
DA:146,6
DA:147,4
DA:149,2
DA:152,110
DA:153,66
DA:154,44
DA:155,22
DA:159,44
DA:160,18
DA:161,4
DA:162,2
DA:164,2
DA:167,110
DA:168,66
DA:169,22
DA:170,22
DA:174,202
DA:175,8
DA:176,120
DA:177,6
DA:179,8
DA:183,66
DA:184,66
DA:185,66
DA:186,22
DA:190,44
LF:90
LH:90
end_of_record
TN:
SF:/Users/evintleovonzko/Documents/Works/Kolosal/torch-inference/src/api/image.rs
FN:50,SecurityLevel::from_string
FN:61,process_image_secure
FN:129,validate_image_security
FN:169,get_image_security_stats
FN:180,image_health
FN:196,base64_encode
FNF:6
FNDA:38,SecurityLevel::from_string
FNDA:18,process_image_secure
FNDA:16,validate_image_security
FNDA:12,get_image_security_stats
FNDA:12,image_health
FNDA:14,base64_encode
DA:50,38
DA:51,38
DA:52,48
DA:53,34
DA:54,30
DA:55,22
DA:56,6
DA:61,18
DA:64,36
DA:65,36
DA:66,36
DA:69,154
DA:70,88
DA:71,78
DA:72,130
DA:74,26
DA:75,24
DA:76,84
DA:77,36
DA:78,36
DA:80,24
DA:81,16
DA:82,14
DA:83,84
DA:84,36
DA:85,36
DA:90,28
DA:91,2
DA:94,24
DA:97,72
DA:98,12
DA:101,24
DA:102,36
DA:103,12
DA:105,60
DA:106,12
DA:109,24
DA:110,36
DA:111,48
DA:112,12
DA:114,12
DA:116,0
DA:119,24
DA:121,36
DA:122,24
DA:123,24
DA:124,12
DA:125,12
DA:129,16
DA:132,32
DA:133,32
DA:135,132
DA:136,76
DA:137,66
DA:138,110
DA:140,22
DA:141,20
DA:142,70
DA:143,30
DA:144,30
DA:146,20
DA:147,14
DA:148,12
DA:149,70
DA:150,30
DA:151,30
DA:156,24
DA:157,2
DA:160,20
DA:161,50
DA:162,10
DA:164,20
DA:165,10
DA:169,12
DA:171,12
DA:172,6
DA:173,6
DA:174,6
DA:175,6
DA:176,6
DA:180,12
DA:181,18
DA:182,18
DA:183,18
DA:184,6
DA:185,12
DA:186,18
DA:187,18
DA:188,18
DA:189,18
DA:190,18
DA:191,6
DA:196,14
DA:198,42
LF:94
LH:93
end_of_record
TN:
SF:/Users/evintleovonzko/Documents/Works/Kolosal/torch-inference/src/api/inference.rs
FN:105,load_model
FN:144,predict
FN:154,list_models
FN:177,get_model_info
FN:193,unload_model
FN:266,batch_predict
FN:698,configure
FNF:7
FNDA:4,load_model
FNDA:2,predict
FNDA:10,list_models
FNDA:6,get_model_info
FNDA:8,unload_model
FNDA:2,batch_predict
FNDA:2,configure
DA:105,4
DA:109,2
DA:110,2
DA:144,2
DA:148,2
DA:149,2
DA:154,10
DA:157,24
DA:158,10
DA:159,6
DA:160,6
DA:161,2
DA:162,4
DA:163,2
DA:168,24
DA:170,24
DA:171,8
DA:172,8
DA:177,6
DA:181,12
DA:183,10
DA:184,10
DA:186,6
DA:187,6
DA:188,2
DA:193,8
DA:197,18
DA:199,18
DA:200,8
DA:201,4
DA:202,4
DA:205,4
DA:266,2
DA:270,2
DA:698,2
DA:699,4
DA:700,4
DA:701,8
DA:702,8
DA:703,8
DA:704,8
DA:705,8
DA:706,8
LF:43
LH:43
end_of_record
TN:
SF:/Users/evintleovonzko/Documents/Works/Kolosal/torch-inference/src/api/logging.rs
FN:46,get_logging_info
FN:108,get_log_file
FN:154,clear_log_file
FN:200,is_valid_log_filename
FN:208,count_lines
FN:215,read_lines_from_file
FNF:6
FNDA:20,get_logging_info
FNDA:16,get_log_file
FNDA:6,clear_log_file
FNDA:38,is_valid_log_filename
FNDA:18,count_lines
FNDA:22,read_lines_from_file
DA:46,20
DA:47,10
DA:49,20
DA:50,50
DA:53,30
DA:55,10
DA:59,20
DA:60,30
DA:62,20
DA:63,22
DA:64,6
DA:66,10
DA:67,4
DA:68,6
DA:69,2
DA:72,8
DA:75,6
DA:77,10
DA:78,2
DA:80,4
DA:81,2
DA:82,6
DA:83,4
DA:84,2
DA:85,4
DA:86,2
DA:87,2
DA:88,2
DA:89,2
DA:96,10
DA:100,20
DA:102,10
DA:104,20
DA:108,16
DA:112,48
DA:113,48
DA:114,48
DA:116,16
DA:120,16
DA:121,6
DA:124,30
DA:126,10
DA:127,2
DA:130,16
DA:132,4
DA:133,2
DA:136,24
DA:139,32
DA:140,24
DA:142,8
DA:144,24
DA:145,16
DA:146,16
DA:147,16
DA:148,8
DA:149,8
DA:154,6
DA:157,18
DA:159,6
DA:162,6
DA:163,2
DA:166,12
DA:168,4
DA:169,2
DA:173,6
DA:174,2
DA:178,12
DA:179,6
DA:180,2
DA:182,2
DA:185,6
DA:186,2
DA:187,6
DA:188,4
DA:189,2
DA:200,38
DA:201,76
DA:202,28
DA:203,26
DA:204,22
DA:208,18
DA:209,54
DA:210,54
DA:211,36
DA:215,22
DA:216,66
DA:217,22
DA:219,66
DA:220,88
DA:222,22
DA:224,44
DA:225,44
DA:227,24
DA:228,18
DA:230,6
DA:234,20
DA:235,6
DA:237,4
DA:241,44
LF:99
LH:99
end_of_record
TN:
SF:/Users/evintleovonzko/Documents/Works/Kolosal/torch-inference/src/api/metrics_endpoint.rs
FN:7,metrics_handler
FNF:1
FNDA:12,metrics_handler
DA:7,12
DA:8,4
DA:9,4
DA:10,4
DA:12,8
DA:14,0
DA:15,0
DA:16,0
LF:8
LH:5
end_of_record
TN:
SF:/Users/evintleovonzko/Documents/Works/Kolosal/torch-inference/src/api/model_download.rs
FN:42,download_model
FN:76,get_download_status
FN:86,list_downloads
FN:93,list_models
FN:114,get_model_info
FN:130,delete_model
FN:144,get_cache_info
FN:157,list_available_models
FN:367,download_sota_model
FN:437,list_sota_models
FN:503,format_bytes
FNF:11
FNDA:14,download_model
FNDA:4,get_download_status
FNDA:2,list_downloads
FNDA:4,list_models
FNDA:4,get_model_info
FNDA:4,delete_model
FNDA:2,get_cache_info
FNDA:48,list_available_models
FNDA:12,download_sota_model
FNDA:20,list_sota_models
FNDA:50,format_bytes
DA:42,14
DA:46,22
DA:47,14
DA:48,16
DA:49,12
DA:52,4
DA:55,8
DA:56,16
DA:57,12
DA:61,4
DA:65,40
DA:66,8
DA:67,8
DA:69,24
DA:70,24
DA:71,24
DA:72,16
DA:76,4
DA:80,10
DA:81,10
DA:83,4
DA:86,2
DA:89,4
DA:90,4
DA:93,4
DA:96,8
DA:98,18
DA:99,2
DA:100,6
DA:101,6
DA:102,4
DA:103,6
DA:104,2
DA:106,6
DA:108,12
DA:109,8
DA:110,4
DA:114,4
DA:118,10
DA:119,10
DA:121,6
DA:122,4
DA:123,6
DA:124,4
DA:125,6
DA:126,2
DA:130,4
DA:134,8
DA:135,4
DA:136,10
DA:138,8
DA:139,6
DA:140,2
DA:144,2
DA:147,4
DA:149,8
DA:150,4
DA:151,4
DA:152,6
DA:153,2
DA:157,48
DA:159,72
DA:160,54
DA:161,24
DA:162,22
DA:163,22
DA:164,20
DA:165,114
DA:166,36
DA:169,36
DA:170,36
DA:171,54
DA:172,54
DA:173,54
DA:175,318
DA:176,400
DA:179,632
DA:180,88
DA:181,168
DA:182,104
DA:183,12
DA:184,4
DA:186,4
DA:190,200
DA:191,152
DA:192,106
DA:193,14
DA:194,10
DA:195,2
DA:197,300
DA:200,900
DA:201,300
DA:203,334
DA:204,246
DA:206,2
DA:209,16
DA:212,200
DA:213,100
DA:214,900
DA:215,876
DA:216,100
DA:217,400
DA:218,100
DA:219,880
DA:220,900
DA:224,268
DA:225,84
DA:229,100
DA:230,56
DA:231,4
DA:233,32
DA:234,12
DA:236,48
DA:237,2
DA:239,90
DA:240,208
DA:241,104
DA:243,416
DA:244,52
DA:246,204
DA:247,100
DA:251,656
DA:252,64
DA:255,300
DA:259,63
DA:260,135
DA:261,135
DA:263,54
DA:266,20
DA:267,20
DA:268,15
DA:270,44
DA:274,72
DA:275,36
DA:276,72
DA:277,36
DA:278,18
DA:279,18
DA:283,4
DA:284,2
DA:288,4
DA:289,2
DA:295,12
DA:297,6
DA:298,6
DA:299,6
DA:300,6
DA:301,6
DA:302,6
DA:303,6
DA:305,6
DA:306,6
DA:307,6
DA:308,6
DA:309,6
DA:310,6
DA:311,6
DA:315,6
DA:316,6
DA:317,6
DA:318,6
DA:319,6
DA:320,6
DA:321,6
DA:323,6
DA:324,6
DA:325,6
DA:326,6
DA:327,6
DA:328,6
DA:329,6
DA:333,6
DA:334,6
DA:335,6
DA:336,6
DA:337,6
DA:338,6
DA:339,6
DA:343,6
DA:344,6
DA:345,6
DA:346,6
DA:347,6
DA:348,6
DA:349,6
DA:353,24
DA:354,12
DA:355,24
DA:356,12
DA:357,12
DA:358,12
DA:359,12
DA:360,12
DA:362,6
DA:363,6
DA:367,12
DA:372,36
DA:374,12
DA:375,2
DA:378,30
DA:379,10
DA:381,40
DA:382,10
DA:384,30
DA:385,30
DA:386,10
DA:388,38
DA:389,16
DA:391,24
DA:392,8
DA:395,32
DA:396,24
DA:397,8
DA:399,32
DA:400,24
DA:401,16
DA:404,22
DA:407,20
DA:408,4
DA:409,10
DA:415,2
DA:417,4
DA:418,2
DA:420,2
DA:424,30
DA:425,6
DA:426,6
DA:428,24
DA:429,12
DA:430,12
DA:431,18
DA:432,12
DA:433,12
DA:437,20
DA:439,30
DA:441,10
DA:442,8
DA:443,4
DA:444,2
DA:445,2
DA:449,24
DA:450,8
DA:452,32
DA:453,8
DA:455,24
DA:456,24
DA:457,8
DA:459,16
DA:461,56
DA:462,64
DA:465,112
DA:466,16
DA:467,28
DA:468,14
DA:469,126
DA:470,126
DA:471,126
DA:472,56
DA:473,126
DA:474,126
DA:475,126
DA:476,126
DA:479,72
DA:480,4
DA:483,42
DA:489,16
DA:490,0
DA:491,0
DA:492,0
DA:495,32
DA:496,16
DA:497,32
DA:498,8
DA:499,8
DA:503,50
DA:506,50
DA:507,16
DA:510,84
DA:511,84
DA:513,258
DA:514,54
DA:515,54
DA:518,126
LF:283
LH:280
end_of_record
TN:
SF:/Users/evintleovonzko/Documents/Works/Kolosal/torch-inference/src/api/models.rs
FN:16,get_registry
FN:25,get_http_client
FN:69,de_f32_or_str
FN:77,de_i32_or_str
FN:85,de_string_or_num
FN:96,ModelRegistry::empty
FN:105,ModelRegistry::from_json_str
FN:115,ModelRegistry::load
FN:132,ModelRegistry::get_model
FN:136,ModelRegistry::list_models
FN:142,ModelRegistry::get_downloaded_models
FN:152,list_models
FN:157,get_model
FN:171,list_downloaded_models
FN:190,download_model
FN:228,download_file_streaming
FN:254,download_model_async
FN:325,download_files_concurrent
FN:366,download_huggingface_repo
FN:428,get_model_comparison
FN:3096,configure
FNF:21
FNDA:32,get_registry
FNDA:44,get_http_client
FNDA:272,de_f32_or_str
FNDA:368,de_i32_or_str
FNDA:270,de_string_or_num
FNDA:12,ModelRegistry::empty
FNDA:46,ModelRegistry::from_json_str
FNDA:8,ModelRegistry::load
FNDA:46,ModelRegistry::get_model
FNDA:12,ModelRegistry::list_models
FNDA:12,ModelRegistry::get_downloaded_models
FNDA:6,list_models
FNDA:10,get_model
FNDA:6,list_downloaded_models
FNDA:22,download_model
FNDA:82,download_file_streaming
FNDA:79,download_model_async
FNDA:22,download_files_concurrent
FNDA:21,download_huggingface_repo
FNDA:6,get_model_comparison
FNDA:2,configure
DA:16,32
DA:17,32
DA:25,44
DA:26,90
DA:27,2
DA:28,2
DA:29,4
DA:30,2
DA:31,4
DA:69,272
DA:70,544
DA:71,744
DA:72,44
DA:73,2
DA:77,368
DA:78,736
DA:79,1032
DA:80,44
DA:81,2
DA:85,270
DA:86,810
DA:87,270
DA:88,380
DA:89,228
DA:90,4
DA:96,12
DA:98,36
DA:99,12
DA:100,12
DA:105,46
DA:106,142
DA:107,4
DA:108,4
DA:115,8
DA:116,16
DA:118,20
DA:119,12
DA:121,36
DA:122,4
DA:123,0
DA:126,8
DA:129,16
DA:132,46
DA:133,138
DA:136,12
DA:137,60
DA:138,24
DA:139,12
DA:142,12
DA:143,24
DA:144,320
DA:152,6
DA:153,4
DA:157,10
DA:158,12
DA:159,8
DA:161,8
DA:162,6
DA:163,8
DA:164,2
DA:165,2
DA:171,6
DA:172,4
DA:173,8
DA:175,82
DA:178,8
DA:179,6
DA:180,2
DA:190,22
DA:191,16
DA:193,16
DA:194,6
DA:196,12
DA:197,8
DA:198,2
DA:199,2
DA:204,12
DA:205,12
DA:206,6
DA:207,8
DA:208,0
DA:212,16
DA:213,8
DA:214,8
DA:215,8
DA:218,8
DA:219,4
DA:220,2
DA:228,82
DA:236,130
DA:237,26
DA:238,52
DA:239,11
DA:240,22
DA:244,30
DA:246,15
DA:247,45
DA:248,45
DA:249,45
DA:250,30
DA:251,15
DA:254,79
DA:256,9
DA:257,1
DA:259,2
DA:262,6
DA:263,12
DA:264,0
DA:265,0
DA:266,0
DA:267,0
DA:268,0
DA:271,6
DA:273,3
DA:275,3
DA:276,0
DA:277,0
DA:281,3
DA:282,4
DA:283,4
DA:284,0
DA:285,8
DA:286,8
DA:287,2
DA:290,9
DA:291,4
DA:293,5
DA:294,2
DA:295,3
DA:296,2
DA:297,3
DA:298,1
DA:301,1
DA:303,2
DA:307,1
DA:309,3
DA:311,0
DA:313,0
DA:316,2
DA:325,22
DA:331,4
DA:332,55
DA:333,162
DA:334,54
DA:336,108
DA:337,164
DA:338,2
DA:339,2
DA:342,260
DA:344,29
DA:345,29
DA:347,23
DA:348,23
DA:349,23
DA:356,1
DA:358,8
DA:359,1
DA:360,0
DA:363,1
DA:366,21
DA:368,2
DA:371,3
DA:373,1
DA:375,4
DA:377,0
DA:378,0
DA:381,0
DA:383,0
DA:386,0
DA:387,20
DA:388,20
DA:389,90
DA:391,2
DA:394,18
DA:396,18
DA:397,16
DA:398,14
DA:399,12
DA:400,12
DA:402,12
DA:404,48
DA:405,0
DA:406,0
DA:408,12
DA:410,12
DA:411,24
DA:412,12
DA:415,48
DA:416,12
DA:420,0
DA:422,0
DA:424,0
DA:428,6
DA:429,4
DA:430,6
DA:432,6
DA:433,150
DA:434,148
DA:435,148
DA:436,148
DA:437,148
DA:438,148
DA:439,148
DA:440,148
DA:441,148
DA:442,148
DA:447,8
DA:448,4
DA:449,4
DA:3096,2
DA:3097,4
DA:3098,4
DA:3099,8
DA:3100,8
DA:3101,8
DA:3102,8
DA:3103,8
LF:217
LH:194
end_of_record
TN:
SF:/Users/evintleovonzko/Documents/Works/Kolosal/torch-inference/src/api/performance.rs
FN:78,get_performance_metrics
FN:145,profile_inference
FN:205,optimize_performance
FNF:3
FNDA:8,get_performance_metrics
FNDA:6,profile_inference
FNDA:6,optimize_performance
DA:78,8
DA:81,8
DA:83,16
DA:84,16
DA:87,24
DA:88,24
DA:89,24
DA:92,24
DA:93,168
DA:94,16
DA:97,24
DA:98,16
DA:99,16
DA:100,16
DA:101,8
DA:106,16
DA:107,8
DA:109,32
DA:111,24
DA:112,16
DA:113,24
DA:114,8
DA:118,0
DA:121,0
DA:127,24
DA:128,16
DA:129,8
DA:133,24
DA:139,8
DA:141,16
DA:145,6
DA:149,6
DA:151,30
DA:153,12
DA:154,12
DA:155,12
DA:156,6
DA:160,18
DA:163,12
DA:168,12
DA:171,12
DA:173,18
DA:176,12
DA:178,18
DA:181,12
DA:187,12
DA:188,6
DA:192,18
DA:193,12
DA:199,6
DA:201,12
DA:205,6
DA:208,6
DA:210,12
DA:211,12
DA:212,12
DA:213,6
DA:215,24
DA:216,12
DA:219,12
DA:222,24
DA:225,24
DA:228,12
DA:229,24
DA:230,12
DA:233,12
DA:238,12
DA:242,6
DA:244,12
LF:69
LH:67
end_of_record
TN:
SF:/Users/evintleovonzko/Documents/Works/Kolosal/torch-inference/src/api/registry.rs
FN:40,ApiResponse<T>::success
FN:48,ApiResponse<T>::error
FN:58,register_model
FN:84,scan_directory
FN:107,get_model_metadata
FN:125,list_registered_models
FN:155,load_pytorch_model
FN:186,infer_pytorch
FN:217,get_registry_stats
FN:227,export_registry
FN:237,configure
FNF:11
FNDA:36,ApiResponse<T>::success
FNDA:24,ApiResponse<T>::error
FNDA:4,register_model
FNDA:4,scan_directory
FNDA:6,get_model_metadata
FNDA:14,list_registered_models
FNDA:2,load_pytorch_model
FNDA:2,infer_pytorch
FNDA:4,get_registry_stats
FNDA:4,export_registry
FNDA:8,configure
DA:40,36
DA:43,36
DA:48,24
DA:52,24
DA:58,4
DA:62,4
DA:64,12
DA:66,20
DA:67,2
DA:68,6
DA:69,2
DA:71,10
DA:72,2
DA:73,2
DA:76,2
DA:77,2
DA:78,8
DA:84,4
DA:88,4
DA:90,12
DA:92,12
DA:93,2
DA:94,10
DA:95,6
DA:96,2
DA:99,2
DA:100,2
DA:101,8
DA:107,6
DA:111,4
DA:113,8
DA:114,2
DA:115,6
DA:117,2
DA:118,2
DA:119,8
DA:125,14
DA:129,12
DA:131,32
DA:132,18
DA:133,32
DA:134,10
DA:135,8
DA:136,6
DA:138,8
DA:139,2
DA:143,16
DA:145,2
DA:148,50
DA:149,20
DA:150,20
DA:155,2
DA:159,2
DA:179,8
DA:180,2
DA:186,2
DA:190,2
DA:210,8
DA:211,2
DA:217,4
DA:220,2
DA:222,4
DA:223,6
DA:227,4
DA:230,2
DA:232,4
DA:233,6
DA:237,8
DA:238,16
DA:239,16
DA:240,32
DA:241,32
DA:242,32
DA:243,32
DA:244,32
DA:245,32
DA:246,32
DA:247,32
LF:78
LH:78
end_of_record
TN:
SF:/Users/evintleovonzko/Documents/Works/Kolosal/torch-inference/src/api/system.rs
FN:96,get_system_info
FN:155,get_config
FN:183,get_gpu_stats
FN:192,format_bytes
FNF:4
FNDA:10,get_system_info
FNDA:24,get_config
FNDA:4,get_gpu_stats
FNDA:56,format_bytes
DA:96,10
DA:99,20
DA:100,10
DA:102,20
DA:105,30
DA:106,30
DA:107,20
DA:108,30
DA:109,30
DA:110,10
DA:113,50
DA:114,10
DA:115,20
DA:116,30
DA:117,20
DA:118,30
DA:119,20
DA:120,30
DA:121,10
DA:122,10
DA:124,20
DA:127,20
DA:128,10
DA:133,30
DA:134,40
DA:135,40
DA:136,10
DA:140,10
DA:141,10
DA:142,10
DA:147,30
DA:148,20
DA:149,20
DA:150,10
DA:151,10
DA:155,24
DA:173,12
DA:180,24
DA:183,4
DA:186,8
DA:187,4
DA:189,8
DA:192,56
DA:195,56
DA:196,4
DA:199,108
DA:200,108
DA:202,582
DA:203,132
DA:204,132
DA:207,162
LF:51
LH:51
end_of_record
TN:
SF:/Users/evintleovonzko/Documents/Works/Kolosal/torch-inference/src/api/tts.rs
FN:32,default_speed
FN:33,default_pitch
FN:76,synthesize
FN:133,list_engines
FN:158,get_capabilities
FN:169,list_voices
FN:185,get_stats
FN:193,health_check
FN:699,configure_routes
FNF:9
FNDA:24,default_speed
FNDA:24,default_pitch
FNDA:16,synthesize
FNDA:6,list_engines
FNDA:6,get_capabilities
FNDA:6,list_voices
FNDA:6,get_stats
FNDA:8,health_check
FNDA:2,configure_routes
DA:32,24
DA:33,24
DA:76,16
DA:81,28
DA:82,2
DA:85,12
DA:86,2
DA:91,40
DA:92,40
DA:93,30
DA:94,10
DA:98,38
DA:99,20
DA:100,20
DA:101,10
DA:106,16
DA:107,16
DA:108,8
DA:112,32
DA:113,16
DA:115,22
DA:116,12
DA:118,2
DA:119,6
DA:120,2
DA:123,24
DA:124,16
DA:125,16
DA:126,16
DA:127,16
DA:128,8
DA:133,6
DA:136,8
DA:138,8
DA:139,8
DA:140,8
DA:141,6
DA:142,6
DA:143,4
DA:144,4
DA:145,4
DA:146,2
DA:151,12
DA:152,8
DA:153,4
DA:158,6
DA:162,10
DA:163,10
DA:165,4
DA:169,6
DA:173,6
DA:174,16
DA:175,10
DA:177,6
DA:178,6
DA:179,4
DA:180,2
DA:185,6
DA:188,8
DA:189,8
DA:193,8
DA:196,18
DA:198,24
DA:199,12
DA:200,12
DA:201,12
DA:699,2
DA:700,4
DA:701,4
DA:702,8
DA:703,8
DA:704,8
DA:705,8
DA:706,8
DA:707,8
LF:75
LH:75
end_of_record
TN:
SF:/Users/evintleovonzko/Documents/Works/Kolosal/torch-inference/src/api/types.rs
FN:122,DownloadJob::new
FNF:1
FNDA:6,DownloadJob::new
DA:122,6
DA:124,18
DA:128,12
DA:129,6
LF:4
LH:4
end_of_record
TN:
SF:/Users/evintleovonzko/Documents/Works/Kolosal/torch-inference/src/api/yolo.rs
FN:26,default_conf_threshold
FN:27,default_iou_threshold
FN:70,detect_objects
FN:166,get_model_info
FN:197,list_models
FN:224,download_model
FN:843,configure
FNF:7
FNDA:42,default_conf_threshold
FNDA:42,default_iou_threshold
FNDA:10,detect_objects
FNDA:8,get_model_info
FNDA:6,list_models
FNDA:18,download_model
FNDA:12,configure
DA:26,42
DA:27,42
DA:70,10
DA:76,28
DA:77,18
DA:79,22
DA:80,16
DA:83,12
DA:84,30
DA:87,26
DA:88,6
DA:89,2
DA:91,14
DA:92,6
DA:93,6
DA:94,2
DA:99,18
DA:100,12
DA:101,12
DA:103,30
DA:105,6
DA:107,12
DA:109,4
DA:110,4
DA:115,4
DA:136,6
DA:137,2
DA:138,2
DA:166,8
DA:170,16
DA:171,14
DA:173,10
DA:174,12
DA:176,6
DA:177,4
DA:178,4
DA:180,10
DA:183,6
DA:184,6
DA:185,6
DA:187,4
DA:190,2
DA:193,4
DA:197,6
DA:198,12
DA:199,12
DA:202,46
DA:203,46
DA:204,6
DA:207,4
DA:224,18
DA:228,40
DA:229,22
DA:231,34
DA:232,20
DA:235,20
DA:236,2
DA:238,4
DA:240,2
DA:242,4
DA:244,2
DA:246,4
DA:248,2
DA:250,4
DA:255,2
DA:257,4
DA:264,60
DA:265,10
DA:268,20
DA:843,12
DA:844,24
DA:845,24
DA:846,48
DA:847,48
DA:848,48
DA:849,48
LF:76
LH:76
end_of_record
TN:
SF:/Users/evintleovonzko/Documents/Works/Kolosal/torch-inference/src/auth/mod.rs
FN:18,JwtHandler::new
FN:24,JwtHandler::create_token
FN:44,JwtHandler::verify_token
FN:60,UserStore::new
FN:66,UserStore::add_user
FN:70,UserStore::verify_user
FN:80,<impl Default for UserStore>::default
FNF:7
FNDA:10,JwtHandler::new
FNDA:6,JwtHandler::create_token
FNDA:6,JwtHandler::verify_token
FNDA:10,UserStore::new
FNDA:4,UserStore::add_user
FNDA:6,UserStore::verify_user
FNDA:2,<impl Default for UserStore>::default
DA:18,10
DA:20,10
DA:24,6
DA:25,12
DA:26,18
DA:29,18
DA:31,18
DA:32,6
DA:36,6
DA:37,6
DA:38,12
DA:41,6
DA:44,6
DA:46,6
DA:47,12
DA:48,6
DA:51,2
DA:60,10
DA:62,10
DA:66,4
DA:67,24
DA:70,6
DA:71,16
DA:72,16
DA:74,2
DA:80,2
DA:81,2
LF:27
LH:27
end_of_record
TN:
SF:/Users/evintleovonzko/Documents/Works/Kolosal/torch-inference/src/batch.rs
FN:29,BatchProcessor::new
FN:42,BatchProcessor::with_adaptive_batching
FN:47,BatchProcessor::with_min_batch_size
FN:52,BatchProcessor::add_request
FN:71,BatchProcessor::should_process_batch
FN:99,BatchProcessor::get_adaptive_timeout
FN:116,BatchProcessor::get_batch
FN:136,BatchProcessor::record_batch_latency
FN:140,BatchProcessor::get_stats
FN:156,BatchProcessor::get_batch_size
FN:160,BatchProcessor::clear_batch
FN:166,BatchProcessor::process_with_timeout
FN:180,<impl Default for BatchProcessor>::default
FNF:13
FNDA:66,BatchProcessor::new
FNDA:2,BatchProcessor::with_adaptive_batching
FNDA:4,BatchProcessor::with_min_batch_size
FNDA:8004,BatchProcessor::add_request
FNDA:60,BatchProcessor::should_process_batch
FNDA:18,BatchProcessor::get_adaptive_timeout
FNDA:60,BatchProcessor::get_batch
FNDA:6,BatchProcessor::record_batch_latency
FNDA:6,BatchProcessor::get_stats
FNDA:28,BatchProcessor::get_batch_size
FNDA:8,BatchProcessor::clear_batch
FNDA:4,BatchProcessor::process_with_timeout
FNDA:2,<impl Default for BatchProcessor>::default
DA:29,66
DA:35,264
DA:36,132
DA:37,66
DA:38,66
DA:42,2
DA:43,2
DA:44,2
DA:47,4
DA:48,4
DA:49,4
DA:52,8004
DA:54,2667
DA:55,5336
DA:57,2668
DA:58,1
DA:61,5334
DA:62,2667
DA:65,10668
DA:66,2667
DA:68,2667
DA:71,60
DA:72,52
DA:73,60
DA:74,30
DA:75,4
DA:77,130
DA:78,26
DA:82,26
DA:83,6
DA:87,20
DA:88,2
DA:91,36
DA:92,54
DA:93,36
DA:96,0
DA:99,18
DA:100,18
DA:101,2
DA:104,64
DA:108,16
DA:109,22
DA:110,16
DA:111,6
DA:112,2
DA:116,60
DA:117,20
DA:118,40
DA:120,40
DA:121,60
DA:122,60
DA:123,20
DA:127,40
DA:129,60
DA:130,60
DA:132,20
DA:133,20
DA:136,6
DA:137,24
DA:140,6
DA:141,24
DA:142,24
DA:143,12
DA:144,4
DA:146,2
DA:152,12
DA:156,28
DA:157,14
DA:160,8
DA:161,8
DA:162,4
DA:163,4
DA:166,4
DA:171,8
DA:172,4
DA:174,4
DA:175,10
DA:180,2
DA:181,2
LF:79
LH:78
end_of_record
TN:
SF:/Users/evintleovonzko/Documents/Works/Kolosal/torch-inference/src/cache.rs
FN:20,CacheEntry::is_expired
FN:43,Cache::new
FN:55,Cache::get
FN:82,Cache::set
FN:115,Cache::evict_lru
FN:176,Cache::get_stats
FN:203,Cache::remove
FN:208,Cache::clear
FN:213,Cache::size
FN:217,Cache::cleanup_expired
FN:232,<impl Default for Cache>::default
FNF:11
FNDA:58518,CacheEntry::is_expired
FNDA:60,Cache::new
FNDA:56752,Cache::get
FNDA:19748,Cache::set
FNDA:272,Cache::evict_lru
FNDA:16,Cache::get_stats
FNDA:36,Cache::remove
FNDA:8,Cache::clear
FNDA:26,Cache::size
FNDA:4,Cache::cleanup_expired
FNDA:2,<impl Default for Cache>::default
DA:20,58518
DA:21,175554
DA:22,58518
DA:25,58518
DA:43,60
DA:45,120
DA:47,120
DA:48,120
DA:49,120
DA:50,60
DA:51,60
DA:55,56752
DA:56,168014
DA:57,54510
DA:58,12
DA:59,18
DA:60,6
DA:61,18
DA:62,6
DA:66,163512
DA:67,54504
DA:70,54504
DA:71,54504
DA:73,163512
DA:74,54504
DA:75,54504
DA:77,6726
DA:78,2242
DA:79,2242
DA:82,19748
DA:84,40312
DA:85,272
DA:88,59244
DA:89,19748
DA:93,78992
DA:95,98740
DA:96,39496
DA:97,39496
DA:98,39496
DA:99,19748
DA:100,19748
DA:101,19748
DA:104,19748
DA:105,19748
DA:115,272
DA:116,816
DA:118,272
DA:119,4
DA:123,804
DA:126,1072
DA:127,536
DA:128,451984
DA:131,536
DA:132,0
DA:136,536
DA:137,38
DA:139,460
DA:140,460
DA:141,460
DA:142,460
DA:143,230
DA:146,1072
DA:149,804
DA:150,536
DA:151,536
DA:153,52340
DA:154,78107
DA:155,52070
DA:156,52070
DA:158,26035
DA:159,52909
DA:160,2750
DA:161,2750
DA:162,2750
DA:168,536
DA:169,804
DA:170,804
DA:171,268
DA:172,0
DA:176,16
DA:177,64
DA:178,64
DA:179,32
DA:180,32
DA:181,4
DA:183,12
DA:186,64
DA:187,32
DA:188,24
DA:190,4
DA:197,48
DA:203,36
DA:204,108
DA:205,36
DA:208,8
DA:209,16
DA:210,8
DA:213,26
DA:214,52
DA:217,4
DA:218,12
DA:220,8012
DA:221,4008
DA:224,4008
DA:225,6006
DA:226,2002
DA:232,2
DA:233,2
LF:108
LH:106
end_of_record
TN:
SF:/Users/evintleovonzko/Documents/Works/Kolosal/torch-inference/src/compression.rs
FN:12,CompressionService::new
FN:19,CompressionService::compress
FN:41,CompressionService::decompress
FN:58,CompressionService::should_compress
FN:64,<impl Default for CompressionService>::default
FNF:5
FNDA:54,CompressionService::new
FNDA:44,CompressionService::compress
FNDA:38,CompressionService::decompress
FNDA:18,CompressionService::should_compress
FNDA:2,<impl Default for CompressionService>::default
DA:12,54
DA:14,54
DA:19,44
DA:20,176
DA:21,132
DA:22,132
DA:24,88
DA:25,76
DA:27,6
DA:30,44
DA:31,40
DA:32,80
DA:33,80
DA:37,44
DA:41,38
DA:44,114
DA:45,76
DA:46,114
DA:48,38
DA:49,34
DA:50,68
DA:51,68
DA:54,38
DA:58,18
DA:59,36
DA:64,2
DA:65,2
LF:27
LH:27
end_of_record
TN:
SF:/Users/evintleovonzko/Documents/Works/Kolosal/torch-inference/src/config.rs
FN:37,<impl Default for SanitizerConfig>::default
FN:150,Config::load
FN:164,<impl Default for Config>::default
FNF:3
FNDA:94,<impl Default for SanitizerConfig>::default
FNDA:4,Config::load
FNDA:318,<impl Default for Config>::default
DA:37,94
DA:150,4
DA:151,8
DA:153,8
DA:154,6
DA:155,8
DA:156,2
DA:158,2
DA:164,318
DA:166,636
DA:172,636
DA:192,636
DA:197,636
DA:222,636
DA:229,636
DA:234,318
DA:244,318
LF:17
LH:17
end_of_record
TN:
SF:/Users/evintleovonzko/Documents/Works/Kolosal/torch-inference/src/core/audio.rs
FN:15,AudioFormat::from_extension
FN:25,AudioFormat::from_path
FN:54,AudioProcessor::new
FN:60,AudioProcessor::with_sample_rate
FN:67,AudioProcessor::validate_audio
FN:88,AudioProcessor::validate_wav
FN:105,AudioProcessor::probe_metadata_with_symphonia
FN:163,AudioProcessor::validate_mp3
FN:167,AudioProcessor::validate_flac
FN:171,AudioProcessor::validate_ogg
FN:176,AudioProcessor::load_audio
FN:187,AudioProcessor::load_wav
FN:214,AudioProcessor::load_with_symphonia
FN:277,AudioProcessor::resample
FN:364,AudioProcessor::save_wav
FN:395,<impl Default for AudioProcessor>::default
FNF:16
FNDA:36,AudioFormat::from_extension
FNDA:10,AudioFormat::from_path
FNDA:132,AudioProcessor::new
FNDA:120,AudioProcessor::with_sample_rate
FNDA:58,AudioProcessor::validate_audio
FNDA:28,AudioProcessor::validate_wav
FNDA:22,AudioProcessor::probe_metadata_with_symphonia
FNDA:8,AudioProcessor::validate_mp3
FNDA:6,AudioProcessor::validate_flac
FNDA:6,AudioProcessor::validate_ogg
FNDA:30,AudioProcessor::load_audio
FNDA:20,AudioProcessor::load_wav
FNDA:10,AudioProcessor::load_with_symphonia
FNDA:14,AudioProcessor::resample
FNDA:24,AudioProcessor::save_wav
FNDA:12,<impl Default for AudioProcessor>::default
DA:15,36
DA:16,36
DA:17,44
DA:18,36
DA:19,26
DA:20,20
DA:21,16
DA:25,10
DA:26,28
DA:27,26
DA:29,16
DA:54,132
DA:60,120
DA:67,58
DA:69,58
DA:70,8
DA:74,54
DA:75,84
DA:76,98
DA:78,18
DA:79,40
DA:80,12
DA:81,32
DA:82,12
DA:84,24
DA:88,28
DA:89,84
DA:90,84
DA:93,84
DA:94,56
DA:96,28
DA:97,56
DA:98,56
DA:99,56
DA:100,28
DA:101,28
DA:105,22
DA:113,88
DA:114,88
DA:116,44
DA:117,22
DA:118,16
DA:119,16
DA:120,12
DA:121,0
DA:124,22
DA:125,110
DA:128,0
DA:129,0
DA:132,0
DA:134,0
DA:137,0
DA:138,0
DA:140,0
DA:143,0
DA:144,0
DA:146,0
DA:147,0
DA:150,0
DA:154,0
DA:155,0
DA:156,0
DA:157,0
DA:158,0
DA:159,0
DA:163,8
DA:164,32
DA:167,6
DA:168,24
DA:171,6
DA:172,24
DA:176,30
DA:177,120
DA:179,20
DA:180,60
DA:181,0
DA:182,0
DA:183,0
DA:187,20
DA:188,60
DA:189,60
DA:192,60
DA:193,60
DA:195,4
DA:200,36
DA:201,1858898
DA:207,20
DA:208,40
DA:209,20
DA:210,20
DA:214,10
DA:223,40
DA:224,30
DA:225,40
DA:227,20
DA:228,12
DA:229,50
DA:232,6
DA:235,4
DA:236,6
DA:239,4
DA:240,4
DA:241,4
DA:242,4
DA:244,58
DA:245,56
DA:246,0
DA:249,56
DA:250,56
DA:251,56
DA:252,56
DA:255,56
DA:256,56
DA:258,112
DA:259,84
DA:261,0
DA:265,2
DA:266,4
DA:267,2
DA:268,2
DA:277,14
DA:278,14
DA:279,4
DA:284,20
DA:285,20
DA:286,20
DA:289,20
DA:291,10
DA:292,10
DA:293,10
DA:294,10
DA:298,30
DA:299,30
DA:300,22
DA:301,12
DA:302,148492
DA:303,12
DA:308,50
DA:309,20
DA:311,78
DA:312,204
DA:313,278
DA:315,340
DA:317,346
DA:318,140
DA:320,68
DA:324,10
DA:325,12
DA:326,12
DA:328,28
DA:329,20
DA:331,20
DA:332,8
DA:336,24
DA:337,36
DA:338,16
DA:344,30
DA:345,30
DA:346,89542
DA:347,276804
DA:348,280908
DA:352,10
DA:353,20
DA:354,10
DA:355,10
DA:364,24
DA:366,48
DA:367,24
DA:373,48
DA:374,96
DA:376,96
DA:380,902268
DA:381,902244
DA:382,1353366
DA:386,48
DA:390,24
DA:395,12
DA:396,12
LF:178
LH:154
end_of_record
TN:
SF:/Users/evintleovonzko/Documents/Works/Kolosal/torch-inference/src/core/audio_models.rs
FN:35,<impl Default for TTSParameters>::default
FN:67,TTSModel::new
FN:77,TTSModel::synthesize
FNF:3
FNDA:8,<impl Default for TTSParameters>::default
FNDA:58,TTSModel::new
FNDA:28,TTSModel::synthesize
DA:35,8
DA:67,58
DA:68,174
DA:70,58
DA:71,58
DA:72,58
DA:77,28
DA:79,56
DA:80,4
DA:81,4
DA:91,104
DA:141,26
DA:143,44
DA:145,78
DA:146,52
DA:149,78
DA:150,52
DA:152,1392026
DA:153,2088000
DA:154,2088000
DA:155,1392000
DA:158,26
DA:159,26
DA:160,26
DA:161,26
DA:165,6
DA:167,12
DA:168,154
DA:169,36
DA:170,6
DA:173,10
DA:174,30
DA:177,14
DA:178,12
DA:179,16
DA:183,10
DA:185,874
DA:189,10
DA:190,588
DA:193,10
DA:196,12
DA:197,24
DA:198,8
DA:201,16
DA:202,8
DA:203,404
DA:204,792
DA:205,792
DA:206,396
DA:208,0
DA:222,60
DA:223,180
DA:225,60
DA:226,60
DA:227,60
DA:232,20
DA:240,80
DA:308,20
DA:310,34
DA:312,40
DA:313,40
DA:315,80
DA:317,40
DA:318,16
DA:319,16
DA:320,8
DA:321,8
DA:322,8
DA:325,12
DA:328,20
DA:329,40
DA:330,20
DA:331,20
DA:332,20
DA:336,6
DA:337,6
DA:338,12
DA:339,46
DA:343,8
DA:346,16
DA:347,16
DA:349,16
DA:350,38
DA:351,70
DA:352,70
DA:355,56
DA:356,10710
DA:357,42
DA:360,8
DA:363,8
DA:365,24
DA:367,44
DA:368,20
DA:371,8
DA:374,6
DA:377,30
DA:378,12
DA:380,32
DA:381,8
DA:382,24
DA:383,16
DA:384,8
DA:385,8
DA:387,14
DA:389,6
DA:401,54
DA:403,108
DA:404,108
DA:405,54
DA:409,21
DA:410,21
DA:411,21
DA:413,42
DA:414,9
DA:415,7
DA:418,24
DA:419,24
DA:420,24
DA:422,48
DA:423,10
DA:424,8
DA:427,16
DA:428,84
DA:431,14
DA:432,72
DA:435,16
DA:436,76
DA:439,16
DA:440,76
DA:443,8
DA:445,8
DA:446,4
DA:453,8
DA:456,8
DA:457,4
DA:463,8
DA:466,4
LF:137
LH:136
end_of_record
TN:
SF:/Users/evintleovonzko/Documents/Works/Kolosal/torch-inference/src/core/bark_tts.rs
FN:29,BarkEngine::new
FN:113,<impl TTSEngine for BarkEngine>::name
FN:117,<impl TTSEngine for BarkEngine>::capabilities
FN:121,<impl TTSEngine for BarkEngine>::synthesize
FN:195,<impl TTSEngine for BarkEngine>::list_voices
FNF:5
FNDA:16,BarkEngine::new
FNDA:2,<impl TTSEngine for BarkEngine>::name
FNDA:2,<impl TTSEngine for BarkEngine>::capabilities
FNDA:4,<impl TTSEngine for BarkEngine>::synthesize
FNDA:2,<impl TTSEngine for BarkEngine>::list_voices
DA:29,16
DA:31,32
DA:32,20
DA:33,32
DA:36,48
DA:37,20
DA:38,16
DA:40,48
DA:41,20
DA:51,48
DA:52,48
DA:53,32
DA:68,32
DA:100,32
DA:102,16
DA:103,16
DA:104,16
DA:105,16
DA:106,16
DA:113,2
DA:114,2
DA:117,2
DA:118,2
DA:121,4
DA:195,2
DA:196,4
LF:26
LH:26
end_of_record
TN:
SF:/Users/evintleovonzko/Documents/Works/Kolosal/torch-inference/src/core/engine.rs
FN:20,InferenceEngine::new
FN:29,InferenceEngine::warmup
FN:45,InferenceEngine::infer
FN:70,InferenceEngine::tts_synthesize
FN:90,InferenceEngine::health_check
FN:108,InferenceEngine::get_stats
FNF:6
FNDA:100,InferenceEngine::new
FNDA:8,InferenceEngine::warmup
FNDA:27,InferenceEngine::infer
FNDA:18,InferenceEngine::tts_synthesize
FNDA:12,InferenceEngine::health_check
FNDA:2,InferenceEngine::get_stats
DA:20,100
DA:23,200
DA:24,300
DA:25,200
DA:29,8
DA:30,8
DA:32,12
DA:33,8
DA:34,10
DA:36,6
DA:37,10
DA:41,8
DA:42,4
DA:45,27
DA:46,18
DA:49,36
DA:50,9
DA:53,22
DA:54,4
DA:57,24
DA:58,12
DA:62,16
DA:64,8
DA:65,16
DA:67,4
DA:70,18
DA:71,8
DA:74,24
DA:75,6
DA:77,6
DA:80,18
DA:83,15
DA:85,6
DA:87,3
DA:90,12
DA:91,36
DA:93,12
DA:94,12
DA:95,12
DA:96,12
DA:97,12
DA:99,36
DA:100,12
DA:101,12
DA:102,12
DA:103,12
DA:108,2
DA:109,6
DA:111,2
DA:112,2
DA:113,2
DA:114,2
DA:115,2
DA:116,2
LF:54
LH:54
end_of_record
TN:
SF:/Users/evintleovonzko/Documents/Works/Kolosal/torch-inference/src/core/g2p_misaki.rs
FN:395,MisakiG2P::new
FN:405,MisakiG2P::text_to_tokens
FN:440,MisakiG2P::tokenize
FN:463,MisakiG2P::is_punctuation
FN:472,MisakiG2P::word_to_tokens
FN:483,MisakiG2P::phoneme_string_to_tokens
FN:498,MisakiG2P::letter_fallback
FNF:7
FNDA:62,MisakiG2P::new
FNDA:54,MisakiG2P::text_to_tokens
FNDA:54,MisakiG2P::tokenize
FNDA:152,MisakiG2P::is_punctuation
FNDA:84,MisakiG2P::word_to_tokens
FNDA:80,MisakiG2P::phoneme_string_to_tokens
FNDA:26,MisakiG2P::letter_fallback
DA:395,62
DA:396,62
DA:397,62
DA:398,62
DA:405,54
DA:406,108
DA:408,108
DA:409,162
DA:410,216
DA:412,296
DA:413,178
DA:414,136
DA:415,68
DA:419,282
DA:420,50
DA:421,20
DA:424,336
DA:425,252
DA:430,214
DA:431,208
DA:432,104
DA:436,216
DA:437,54
DA:440,54
DA:441,108
DA:442,108
DA:444,532
DA:445,1274
DA:446,760
DA:448,84
DA:449,200
DA:450,40
DA:452,54
DA:453,30
DA:457,98
DA:458,88
DA:460,54
DA:463,152
DA:464,456
DA:465,302
DA:466,328
DA:468,2
DA:472,84
DA:473,244
DA:474,228
DA:477,24
DA:483,80
DA:484,160
DA:485,516
DA:486,1068
DA:487,1416
DA:488,704
DA:490,12
DA:493,80
DA:498,26
DA:499,52
DA:500,150
DA:502,286
DA:503,2
DA:504,4
DA:505,4
DA:506,6
DA:507,4
DA:508,4
DA:509,4
DA:510,2
DA:511,4
DA:512,4
DA:513,2
DA:514,4
DA:515,4
DA:516,2
DA:517,4
DA:518,4
DA:519,2
DA:520,4
DA:521,2
DA:522,2
DA:523,6
DA:524,4
DA:525,4
DA:526,4
DA:527,4
DA:528,4
DA:529,4
DA:532,286
DA:533,294
DA:534,392
DA:535,196
DA:539,26
LF:90
LH:90
end_of_record
TN:
SF:/Users/evintleovonzko/Documents/Works/Kolosal/torch-inference/src/core/gpu.rs
FN:50,GpuManager::new
FNF:1
FNDA:71,GpuManager::new
DA:50,71
DA:52,71
DA:59,59
DA:63,118
DA:68,118
DA:70,59
DA:71,59
DA:77,0
DA:87,30
DA:90,50
DA:93,60
DA:98,90
DA:101,60
DA:102,90
DA:103,60
DA:106,660
DA:107,1800
DA:108,1200
DA:109,90
DA:110,60
DA:112,2280
DA:114,0
DA:115,0
DA:116,0
DA:117,0
DA:118,0
DA:126,30
DA:128,60
DA:133,60
DA:134,90
DA:135,30
DA:141,90
DA:142,30
DA:143,60
DA:144,60
DA:145,60
DA:146,60
DA:147,60
DA:148,60
DA:149,30
DA:150,30
DA:153,30
DA:154,30
DA:155,30
DA:156,30
DA:157,30
DA:233,26
DA:237,26
DA:238,42
DA:239,52
DA:244,0
DA:245,0
DA:246,0
DA:247,0
DA:248,0
DA:249,0
DA:253,470
DA:254,1880
DA:255,940
DA:258,940
DA:259,490
DA:260,60
DA:264,16
DA:265,32
DA:266,16
DA:267,40
DA:303,12
DA:307,12
DA:308,24
DA:311,0
DA:316,18
DA:320,36
DA:324,36
DA:325,54
DA:328,36
DA:333,54
DA:334,36
DA:335,54
DA:337,0
DA:340,0
DA:344,36
DA:348,36
DA:349,18
DA:350,18
DA:355,72
DA:356,18
DA:359,0
DA:367,2
DA:379,6
DA:380,6
DA:406,6
DA:407,6
DA:410,10
DA:411,30
DA:413,30
DA:414,0
DA:418,20
DA:419,10
DA:420,10
DA:422,10
DA:427,9
DA:430,9
DA:431,0
DA:435,18
DA:440,18
DA:441,18
DA:444,18
DA:448,18
DA:449,27
DA:450,9
DA:454,0
DA:458,0
DA:468,2
DA:469,2
LF:114
LH:94
end_of_record
TN:
SF:/Users/evintleovonzko/Documents/Works/Kolosal/torch-inference/src/core/image_classifier.rs
FN:79,ImageClassifier::new
FN:119,ImageClassifier::preprocess_image
FN:175,ImageClassifier::classify
FN:196,ImageClassifier::classify_bytes
FN:201,ImageClassifier::num_classes
FN:206,ImageClassifier::get_label
FN:212,ImageClassifier::new_stub
FN:227,load_imagenet_labels
FN:245,models::resnet50
FN:254,models::mobilenet_v2
FN:263,models::efficientnet_b0
FNF:11
FNDA:2,ImageClassifier::new
FNDA:2,ImageClassifier::preprocess_image
FNDA:2,ImageClassifier::classify
FNDA:2,ImageClassifier::classify_bytes
FNDA:8,ImageClassifier::num_classes
FNDA:30,ImageClassifier::get_label
FNDA:24,ImageClassifier::new_stub
FNDA:2,load_imagenet_labels
FNDA:2,models::resnet50
FNDA:2,models::mobilenet_v2
FNDA:2,models::efficientnet_b0
DA:79,2
DA:85,4
DA:119,2
DA:120,4
DA:175,2
DA:176,4
DA:196,2
DA:197,4
DA:201,8
DA:202,16
DA:206,30
DA:207,146
DA:212,24
DA:215,48
DA:217,48
DA:219,48
DA:220,24
DA:221,24
DA:227,2
DA:231,4006
DA:245,2
DA:247,6
DA:248,4
DA:249,2
DA:254,2
DA:256,6
DA:257,4
DA:258,2
DA:263,2
DA:265,6
DA:266,4
DA:267,2
LF:32
LH:32
end_of_record
TN:
SF:/Users/evintleovonzko/Documents/Works/Kolosal/torch-inference/src/core/image_security.rs
FN:66,ImageSecurityValidator::new
FN:74,ImageSecurityValidator::with_limits
FN:83,ImageSecurityValidator::validate
FN:160,ImageSecurityValidator::sanitize
FN:195,ImageSecurityValidator::check_adversarial_patterns
FN:229,ImageSecurityValidator::check_steganography
FN:266,ImageSecurityValidator::check_metadata
FN:286,ImageSecurityValidator::add_noise
FN:299,ImageSecurityValidator::get_image_stats
FN:317,ImageSecurityValidator::compute_hash
FN:325,<impl Default for ImageSecurityValidator>::default
FNF:11
FNDA:90,ImageSecurityValidator::new
FNDA:8,ImageSecurityValidator::with_limits
FNDA:80,ImageSecurityValidator::validate
FNDA:26,ImageSecurityValidator::sanitize
FNDA:78,ImageSecurityValidator::check_adversarial_patterns
FNDA:78,ImageSecurityValidator::check_steganography
FNDA:78,ImageSecurityValidator::check_metadata
FNDA:14,ImageSecurityValidator::add_noise
FNDA:10,ImageSecurityValidator::get_image_stats
FNDA:8,ImageSecurityValidator::compute_hash
FNDA:2,<impl Default for ImageSecurityValidator>::default
DA:66,90
DA:69,90
DA:74,8
DA:83,80
DA:84,160
DA:87,164
DA:88,12
DA:89,8
DA:90,8
DA:91,12
DA:92,4
DA:97,158
DA:98,156
DA:99,2
DA:100,6
DA:101,4
DA:102,4
DA:103,2
DA:104,2
DA:106,2
DA:107,2
DA:108,2
DA:109,2
DA:110,2
DA:111,2
DA:117,310
DA:118,6
DA:119,4
DA:120,4
DA:121,10
DA:122,2
DA:127,234
DA:128,0
DA:132,78
DA:133,366
DA:134,132
DA:139,160
DA:140,4
DA:143,370
DA:144,234
DA:145,12
DA:147,264
DA:150,78
DA:151,156
DA:152,156
DA:153,78
DA:154,78
DA:155,78
DA:160,26
DA:161,78
DA:163,26
DA:164,6
DA:166,12
DA:168,6
DA:170,24
DA:171,6
DA:173,6
DA:175,24
DA:176,24
DA:177,6
DA:181,24
DA:182,24
DA:184,16
DA:185,6
DA:187,6
DA:192,26
DA:195,78
DA:197,234
DA:198,234
DA:201,3216
DA:202,234
DA:203,2826
DA:204,5496
DA:205,2748
DA:207,156
DA:210,156
DA:211,30
DA:212,20
DA:213,12
DA:214,16
DA:217,78
DA:218,0
DA:219,0
DA:220,0
DA:221,0
DA:222,0
DA:225,78
DA:229,78
DA:231,234
DA:232,234
DA:234,156
DA:235,5574
DA:236,3138
DA:237,390
DA:241,234
DA:245,234
DA:247,156
DA:248,30
DA:249,20
DA:250,12
DA:251,16
DA:254,78
DA:255,66
DA:256,132
DA:257,132
DA:258,66
DA:259,66
DA:262,12
DA:266,78
DA:271,16058
DA:272,16214
DA:274,154
DA:275,2
DA:276,4
DA:277,4
DA:278,2
DA:279,2
DA:282,76
DA:286,14
DA:288,28
DA:290,8405268
DA:291,67241920
DA:292,151294320
DA:293,75647160
DA:294,25215720
DA:299,10
DA:300,26
DA:301,20
DA:302,4
DA:303,4
DA:304,2
DA:308,20
DA:309,20
DA:310,40
DA:311,50
DA:317,8
DA:318,16
DA:319,32
DA:320,32
DA:325,2
DA:326,2
LF:141
LH:135
end_of_record
TN:
SF:/Users/evintleovonzko/Documents/Works/Kolosal/torch-inference/src/core/istftnet_vocoder.rs
FNF:0
DA:307,2
DA:308,2
DA:317,2
DA:322,4
LF:4
LH:4
end_of_record
TN:
SF:/Users/evintleovonzko/Documents/Works/Kolosal/torch-inference/src/core/kokoro_onnx.rs
FN:39,default_pool_size
FN:53,SessionPool::new
FN:62,SessionPool::acquire
FN:85,<impl Drop for SessionGuard<'a>>::drop
FN:98,<impl DerefMut for SessionGuard<'a>>::deref_mut
FN:105,<impl Deref for SessionGuard<'a>>::deref
FN:128,<impl Debug for KokoroOnnxEngine>::fmt
FN:136,KokoroOnnxEngine::new
FN:204,KokoroOnnxEngine::load_voice_style
FN:216,KokoroOnnxEngine::build_capabilities
FN:302,KokoroOnnxEngine::cached_g2p
FN:327,KokoroOnnxEngine::synthesize_with_onnx
FN:385,<impl TTSEngine for KokoroOnnxEngine>::name
FN:389,<impl TTSEngine for KokoroOnnxEngine>::capabilities
FN:393,<impl TTSEngine for KokoroOnnxEngine>::synthesize
FN:400,<impl TTSEngine for KokoroOnnxEngine>::warmup
FN:406,<impl TTSEngine for KokoroOnnxEngine>::validate_text
FN:416,<impl TTSEngine for KokoroOnnxEngine>::list_voices
FNF:18
FNDA:30,default_pool_size
FNDA:0,SessionPool::new
FNDA:0,SessionPool::acquire
FNDA:0,<impl Drop for SessionGuard<'a>>::drop
FNDA:0,<impl DerefMut for SessionGuard<'a>>::deref_mut
FNDA:0,<impl Deref for SessionGuard<'a>>::deref
FNDA:0,<impl Debug for KokoroOnnxEngine>::fmt
FNDA:8,KokoroOnnxEngine::new
FNDA:26,KokoroOnnxEngine::load_voice_style
FNDA:40,KokoroOnnxEngine::build_capabilities
FNDA:0,KokoroOnnxEngine::cached_g2p
FNDA:0,KokoroOnnxEngine::synthesize_with_onnx
FNDA:0,<impl TTSEngine for KokoroOnnxEngine>::name
FNDA:0,<impl TTSEngine for KokoroOnnxEngine>::capabilities
FNDA:0,<impl TTSEngine for KokoroOnnxEngine>::synthesize
FNDA:0,<impl TTSEngine for KokoroOnnxEngine>::warmup
FNDA:0,<impl TTSEngine for KokoroOnnxEngine>::validate_text
FNDA:0,<impl TTSEngine for KokoroOnnxEngine>::list_voices
DA:39,30
DA:53,0
DA:54,0
DA:56,0
DA:57,0
DA:62,0
DA:65,0
DA:67,0
DA:69,0
DA:70,0
DA:71,0
DA:73,0
DA:85,0
DA:86,0
DA:90,0
DA:91,0
DA:98,0
DA:99,0
DA:105,0
DA:106,0
DA:128,0
DA:129,0
DA:130,0
DA:136,8
DA:138,56
DA:140,24
DA:141,16
DA:142,16
DA:143,8
DA:146,8
DA:148,80
DA:149,56
DA:150,16
DA:151,8
DA:152,8
DA:157,0
DA:158,0
DA:159,0
DA:160,0
DA:161,0
DA:162,0
DA:163,0
DA:164,0
DA:166,0
DA:168,0
DA:171,0
DA:172,0
DA:173,0
DA:174,0
DA:175,0
DA:176,0
DA:177,0
DA:179,0
DA:180,0
DA:181,0
DA:182,0
DA:183,0
DA:186,0
DA:187,0
DA:190,0
DA:191,0
DA:192,0
DA:194,0
DA:195,0
DA:196,0
DA:197,0
DA:198,0
DA:199,0
DA:200,0
DA:204,26
DA:205,78
DA:206,72
DA:207,7311504
DA:209,48
DA:210,72
DA:211,14
DA:212,28
DA:213,10
DA:216,40
DA:218,120
DA:219,120
DA:220,240
DA:221,80
DA:302,0
DA:307,0
DA:308,0
DA:309,0
DA:310,0
DA:315,0
DA:316,0
DA:319,0
DA:320,0
DA:321,0
DA:324,0
DA:327,0
DA:328,0
DA:329,0
DA:331,0
DA:336,0
DA:337,0
DA:338,0
DA:339,0
DA:340,0
DA:341,0
DA:343,0
DA:344,0
DA:345,0
DA:348,0
DA:350,0
DA:353,0
DA:354,0
DA:355,0
DA:356,0
DA:357,0
DA:358,0
DA:361,0
DA:364,0
DA:365,0
DA:366,0
DA:367,0
DA:368,0
DA:372,0
DA:373,0
DA:375,0
DA:376,0
DA:377,0
DA:379,0
DA:385,0
DA:386,0
DA:389,0
DA:390,0
DA:393,0
DA:397,0
DA:400,0
DA:406,0
DA:407,0
DA:408,0
DA:410,0
DA:411,0
DA:413,0
DA:416,0
DA:417,0
LF:142
LH:27
end_of_record
TN:
SF:/Users/evintleovonzko/Documents/Works/Kolosal/torch-inference/src/core/kokoro_tts.rs
FN:45,KokoroEngine::new
FNF:1
FNDA:22,KokoroEngine::new
DA:45,22
DA:47,44
DA:48,62
DA:49,44
DA:52,66
DA:53,58
DA:54,22
DA:57,44
DA:62,66
DA:63,66
DA:64,88
DA:65,44
DA:105,44
DA:106,0
DA:107,0
DA:108,0
DA:110,22
DA:111,44
DA:112,44
DA:113,22
DA:117,44
DA:119,22
DA:120,44
DA:121,22
DA:122,22
DA:123,22
DA:124,22
DA:125,22
DA:126,22
DA:127,22
DA:128,22
DA:185,2
DA:186,2
DA:189,10
DA:190,10
DA:193,6
DA:211,4
DA:212,8
DA:215,4
DA:224,8
DA:225,2
DA:228,2
LF:42
LH:39
end_of_record
TN:
SF:/Users/evintleovonzko/Documents/Works/Kolosal/torch-inference/src/core/neural_network.rs
FN:85,NeuralNetwork::new
FN:114,NeuralNetwork::predict
FN:142,NeuralNetwork::predict_multi
FN:180,NeuralNetwork::predict_from_slice
FN:185,NeuralNetwork::metadata
FN:196,NeuralNetwork::device
FN:202,NeuralNetwork::new_stub
FN:222,NeuralNetwork::set_input_shapes
FN:227,NeuralNetwork::set_output_shapes
FN:297,BatchInference::new
FN:323,BatchInference::predict_batch
FNF:11
FNDA:2,NeuralNetwork::new
FNDA:2,NeuralNetwork::predict
FNDA:2,NeuralNetwork::predict_multi
FNDA:2,NeuralNetwork::predict_from_slice
FNDA:6,NeuralNetwork::metadata
FNDA:2,NeuralNetwork::device
FNDA:6,NeuralNetwork::new_stub
FNDA:2,NeuralNetwork::set_input_shapes
FNDA:2,NeuralNetwork::set_output_shapes
FNDA:2,BatchInference::new
FNDA:2,BatchInference::predict_batch
DA:85,2
DA:90,4
DA:114,2
DA:115,4
DA:142,2
DA:143,4
DA:180,2
DA:181,4
DA:185,6
DA:186,6
DA:196,2
DA:202,6
DA:205,12
DA:207,12
DA:208,12
DA:209,12
DA:210,18
DA:222,2
DA:223,4
DA:227,2
DA:228,4
DA:297,2
DA:323,2
DA:324,4
LF:24
LH:24
end_of_record
TN:
SF:/Users/evintleovonzko/Documents/Works/Kolosal/torch-inference/src/core/phoneme_converter.rs
FN:13,PhonemeConverter::new
FN:20,PhonemeConverter::build_vocab
FN:82,PhonemeConverter::text_to_phonemes
FN:112,PhonemeConverter::word_to_phonemes
FN:158,PhonemeConverter::token_to_phoneme
FN:175,EnhancedG2P::new
FN:186,EnhancedG2P::build_dictionary
FN:226,EnhancedG2P::ipa_to_tokens
FN:248,EnhancedG2P::text_to_phonemes
FNF:9
FNDA:66,PhonemeConverter::new
FNDA:66,PhonemeConverter::build_vocab
FNDA:48,PhonemeConverter::text_to_phonemes
FNDA:52,PhonemeConverter::word_to_phonemes
FNDA:6,PhonemeConverter::token_to_phoneme
FNDA:18,EnhancedG2P::new
FNDA:18,EnhancedG2P::build_dictionary
FNDA:414,EnhancedG2P::ipa_to_tokens
FNDA:36,EnhancedG2P::text_to_phonemes
DA:13,66
DA:15,132
DA:16,66
DA:20,66
DA:21,132
DA:24,264
DA:25,264
DA:26,264
DA:27,264
DA:28,264
DA:29,264
DA:30,264
DA:33,264
DA:34,264
DA:35,264
DA:36,264
DA:37,264
DA:38,264
DA:39,264
DA:40,264
DA:41,264
DA:42,264
DA:43,264
DA:44,264
DA:45,264
DA:46,264
DA:47,264
DA:48,264
DA:49,264
DA:50,264
DA:51,264
DA:52,264
DA:55,264
DA:56,264
DA:57,264
DA:58,264
DA:59,264
DA:60,264
DA:61,264
DA:64,264
DA:65,264
DA:66,264
DA:67,264
DA:68,264
DA:69,264
DA:70,264
DA:73,264
DA:74,264
DA:75,264
DA:77,66
DA:82,48
DA:83,96
DA:86,144
DA:88,196
DA:89,50
DA:91,16
DA:92,8
DA:97,200
DA:98,150
DA:102,192
DA:103,96
DA:106,48
DA:112,52
DA:113,156
DA:114,104
DA:117,110
DA:118,6
DA:122,296
DA:123,396
DA:124,16
DA:125,14
DA:126,8
DA:127,14
DA:128,8
DA:129,10
DA:130,24
DA:131,4
DA:132,4
DA:133,4
DA:134,14
DA:135,4
DA:136,12
DA:137,8
DA:138,8
DA:139,8
DA:140,10
DA:141,6
DA:142,4
DA:143,4
DA:144,6
DA:145,2
DA:146,12
DA:149,736
DA:150,352
DA:154,46
DA:158,6
DA:159,679
DA:160,225
DA:161,2
DA:164,4
DA:175,18
DA:176,36
DA:177,54
DA:179,18
DA:180,18
DA:181,18
DA:186,18
DA:187,36
DA:191,36
DA:192,18
DA:193,18
DA:194,18
DA:195,18
DA:196,18
DA:197,18
DA:198,18
DA:199,18
DA:200,18
DA:201,18
DA:202,18
DA:203,18
DA:204,18
DA:205,18
DA:206,18
DA:207,18
DA:208,18
DA:209,18
DA:210,18
DA:211,18
DA:212,18
DA:213,18
DA:214,18
DA:217,1674
DA:218,2070
DA:219,1656
DA:222,18
DA:226,414
DA:227,828
DA:228,1656
DA:230,3726
DA:232,8190
DA:233,4770
DA:234,216
DA:236,3096
DA:239,6516
DA:240,3204
DA:244,414
DA:248,36
DA:249,72
DA:250,180
DA:252,148
DA:253,38
DA:255,16
DA:256,8
DA:261,76
DA:262,194
DA:266,148
DA:267,72
DA:270,8
DA:271,6
DA:275,282
DA:276,168
DA:277,8
DA:278,6
DA:279,2
DA:286,144
DA:287,72
DA:290,144
DA:292,36
LF:169
LH:169
end_of_record
TN:
SF:/Users/evintleovonzko/Documents/Works/Kolosal/torch-inference/src/core/piper_tts.rs
FN:31,PiperTTSEngine::new
FN:145,PiperTTSEngine::synthesize_fallback
FN:171,<impl TTSEngine for PiperTTSEngine>::name
FN:175,<impl TTSEngine for PiperTTSEngine>::capabilities
FN:179,<impl TTSEngine for PiperTTSEngine>::synthesize
FN:184,<impl TTSEngine for PiperTTSEngine>::list_voices
FNF:6
FNDA:10,PiperTTSEngine::new
FNDA:4,PiperTTSEngine::synthesize_fallback
FNDA:2,<impl TTSEngine for PiperTTSEngine>::name
FNDA:4,<impl TTSEngine for PiperTTSEngine>::capabilities
FNDA:2,<impl TTSEngine for PiperTTSEngine>::synthesize
FNDA:2,<impl TTSEngine for PiperTTSEngine>::list_voices
DA:31,10
DA:32,28
DA:33,26
DA:34,16
DA:36,22
DA:37,20
DA:38,14
DA:40,18
DA:41,18
DA:44,6
DA:45,4
DA:49,20
DA:50,6
DA:51,8
DA:53,6
DA:54,6
DA:55,6
DA:56,2
DA:58,6
DA:59,6
DA:60,6
DA:61,2
DA:63,6
DA:64,6
DA:65,6
DA:66,2
DA:68,6
DA:69,6
DA:70,6
DA:71,2
DA:73,6
DA:75,2
DA:79,12
DA:88,12
DA:89,12
DA:90,16
DA:91,8
DA:107,12
DA:108,12
DA:109,16
DA:110,8
DA:126,8
DA:127,4
DA:128,8
DA:131,8
DA:134,0
DA:145,4
DA:146,8
DA:149,12
DA:150,8
DA:152,12
DA:153,8
DA:155,92612
DA:156,138912
DA:157,138912
DA:158,92608
DA:161,4
DA:162,4
DA:163,4
DA:164,4
DA:171,2
DA:172,2
DA:175,4
DA:176,4
DA:179,2
DA:184,2
DA:185,4
LF:67
LH:66
end_of_record
TN:
SF:/Users/evintleovonzko/Documents/Works/Kolosal/torch-inference/src/core/python_tts_bridge.rs
FNF:0
DA:183,24
DA:184,48
DA:187,2
DA:193,4
DA:196,2
DA:197,2
LF:6
LH:6
end_of_record
TN:
SF:/Users/evintleovonzko/Documents/Works/Kolosal/torch-inference/src/core/styletts2.rs
FN:29,StyleTTS2Engine::new
FN:94,<impl TTSEngine for StyleTTS2Engine>::name
FN:98,<impl TTSEngine for StyleTTS2Engine>::capabilities
FN:102,<impl TTSEngine for StyleTTS2Engine>::synthesize
FN:176,<impl TTSEngine for StyleTTS2Engine>::list_voices
FNF:5
FNDA:18,StyleTTS2Engine::new
FNDA:2,<impl TTSEngine for StyleTTS2Engine>::name
FNDA:2,<impl TTSEngine for StyleTTS2Engine>::capabilities
FNDA:8,<impl TTSEngine for StyleTTS2Engine>::synthesize
FNDA:2,<impl TTSEngine for StyleTTS2Engine>::list_voices
DA:29,18
DA:31,36
DA:32,22
DA:33,36
DA:37,36
DA:38,22
DA:39,36
DA:42,54
DA:43,22
DA:44,18
DA:53,54
DA:54,54
DA:55,72
DA:56,36
DA:81,36
DA:83,18
DA:84,18
DA:85,18
DA:86,18
DA:87,18
DA:94,2
DA:95,2
DA:98,2
DA:99,2
DA:102,8
DA:176,2
DA:177,4
LF:27
LH:27
end_of_record
TN:
SF:/Users/evintleovonzko/Documents/Works/Kolosal/torch-inference/src/core/styletts2_model.rs
FNF:0
DA:311,2
DA:312,2
DA:319,2
DA:320,4
LF:4
LH:4
end_of_record
TN:
SF:/Users/evintleovonzko/Documents/Works/Kolosal/torch-inference/src/core/torch_autodetect.rs
FN:31,TorchLibAutoDetect::new
FNF:1
FNDA:154,TorchLibAutoDetect::new
DA:31,154
DA:32,308
DA:33,306
DA:34,154
DA:35,290
DA:47,20
DA:48,40
DA:51,40
DA:56,40
DA:57,40
DA:58,20
DA:59,40
DA:60,20
DA:61,20
DA:68,0
DA:69,0
DA:70,0
DA:71,0
DA:74,0
DA:75,0
DA:76,0
DA:86,34
DA:87,68
DA:92,42
DA:93,24
DA:94,8
DA:95,14
DA:96,4
DA:97,2
DA:98,4
DA:99,2
DA:105,190
DA:106,1496
DA:107,3732
DA:108,1248
DA:109,12
DA:110,4
DA:111,6
DA:112,4
DA:113,2
DA:114,4
DA:116,4
DA:117,2
DA:148,32
DA:153,4
DA:154,4
DA:155,2
DA:156,4
DA:157,2
DA:162,56
DA:163,28
DA:164,56
DA:165,28
DA:168,16
DA:169,32
DA:170,48
DA:171,32
DA:172,32
DA:173,8
DA:175,8
DA:181,30
DA:182,60
DA:185,44
DA:186,42
DA:187,42
DA:188,48
DA:189,24
DA:190,12
DA:191,24
DA:192,24
DA:193,12
DA:199,30
DA:200,8
DA:201,4
DA:202,2
DA:203,4
DA:204,6
DA:205,2
DA:209,32
DA:210,16
DA:213,26
DA:215,78
DA:216,78
DA:218,44
DA:219,8
DA:226,36
DA:228,18
DA:231,24
DA:232,72
DA:237,46
DA:238,8
DA:252,16
DA:253,16
DA:257,12
DA:261,52
DA:262,104
DA:263,104
DA:316,52
DA:320,36
DA:322,0
DA:327,32
DA:329,0
DA:334,36
DA:341,24
DA:342,48
DA:343,60
DA:344,36
DA:345,24
DA:346,24
DA:348,24
DA:349,24
DA:350,24
DA:353,24
DA:354,30
DA:358,12
DA:361,0
DA:362,0
DA:365,0
DA:366,0
DA:368,0
DA:371,0
DA:374,0
DA:377,0
DA:378,0
DA:381,0
DA:383,0
DA:386,0
DA:387,0
DA:389,0
DA:392,10
DA:393,30
DA:394,22
DA:397,12
DA:398,12
DA:400,22
DA:401,40
DA:402,18
DA:403,32
DA:404,2
DA:407,16
DA:408,4
DA:410,12
DA:411,12
DA:413,18
DA:414,18
DA:421,16
DA:422,32
DA:427,6
DA:431,20
DA:432,20
DA:433,20
DA:434,20
DA:437,20
DA:438,20
DA:441,14
DA:442,8
DA:443,4
DA:447,12
DA:448,0
DA:449,0
DA:450,6
DA:451,12
DA:452,6
DA:454,0
DA:455,0
DA:459,24
DA:461,0
DA:462,0
DA:463,0
DA:464,0
DA:469,4
DA:470,6
DA:471,2
DA:473,4
DA:479,4
DA:480,4
DA:481,4
DA:485,4
DA:486,8
DA:487,8
DA:491,4
DA:492,8
DA:493,12
DA:494,8
LF:184
LH:153
end_of_record
TN:
SF:/Users/evintleovonzko/Documents/Works/Kolosal/torch-inference/src/core/tts_engine.rs
FN:20,<impl Default for SynthesisParams>::default
FN:84,TTSEngine::is_ready
FN:89,TTSEngine::warmup
FN:94,TTSEngine::validate_text
FN:113,TTSEngineFactory::create
FN:142,TTSEngineFactory::available_engines
FN:153,TorchTTSEngine::new
FN:171,<impl TTSEngine for TorchTTSEngine>::name
FN:175,<impl TTSEngine for TorchTTSEngine>::capabilities
FN:179,<impl TTSEngine for TorchTTSEngine>::synthesize
FN:183,<impl TTSEngine for TorchTTSEngine>::list_voices
FNF:11
FNDA:96,<impl Default for SynthesisParams>::default
FNDA:6,TTSEngine::is_ready
FNDA:8,TTSEngine::warmup
FNDA:78,TTSEngine::validate_text
FNDA:14,TTSEngineFactory::create
FNDA:2,TTSEngineFactory::available_engines
FNDA:28,TorchTTSEngine::new
FNDA:2,<impl TTSEngine for TorchTTSEngine>::name
FNDA:8,<impl TTSEngine for TorchTTSEngine>::capabilities
FNDA:2,<impl TTSEngine for TorchTTSEngine>::synthesize
FNDA:2,<impl TTSEngine for TorchTTSEngine>::list_voices
DA:20,96
DA:84,6
DA:85,6
DA:89,8
DA:90,0
DA:94,78
DA:95,156
DA:96,16
DA:99,140
DA:100,140
DA:101,24
DA:104,64
DA:113,14
DA:114,14
DA:116,14
DA:117,14
DA:118,26
DA:125,8
DA:128,10
DA:129,10
DA:130,10
DA:131,10
DA:132,10
DA:133,22
DA:134,6
DA:142,2
DA:143,20
DA:153,28
DA:155,84
DA:156,84
DA:157,84
DA:158,28
DA:165,28
DA:171,2
DA:172,2
DA:175,8
DA:176,8
DA:179,2
DA:183,2
DA:184,2
LF:40
LH:39
end_of_record
TN:
SF:/Users/evintleovonzko/Documents/Works/Kolosal/torch-inference/src/core/tts_manager.rs
FN:24,default_max_concurrent
FN:25,default_synthesis_cache_capacity
FN:28,<impl Default for TTSManagerConfig>::default
FN:48,TTSManager::new
FN:60,TTSManager::fnv1a_u64
FN:71,TTSManager::synthesis_cache_key
FN:95,TTSManager::register_engine
FN:106,TTSManager::load_engine
FN:119,TTSManager::get_engine
FN:130,TTSManager::with_engine
FN:138,TTSManager::get_default_engine
FN:143,TTSManager::list_engines
FN:148,TTSManager::get_capabilities
FN:158,TTSManager::synthesize
FN:197,TTSManager::initialize_defaults
FN:320,TTSManager::get_stats
FNF:16
FNDA:18,default_max_concurrent
FNDA:18,default_synthesis_cache_capacity
FNDA:138,<impl Default for TTSManagerConfig>::default
FNDA:132,TTSManager::new
FNDA:144,TTSManager::fnv1a_u64
FNDA:120,TTSManager::synthesis_cache_key
FNDA:52,TTSManager::register_engine
FNDA:16,TTSManager::load_engine
FNDA:90,TTSManager::get_engine
FNDA:30,TTSManager::with_engine
FNDA:10,TTSManager::get_default_engine
FNDA:60,TTSManager::list_engines
FNDA:16,TTSManager::get_capabilities
FNDA:74,TTSManager::synthesize
FNDA:0,TTSManager::initialize_defaults
FNDA:36,TTSManager::get_stats
DA:24,18
DA:25,18
DA:28,138
DA:30,276
DA:31,138
DA:48,132
DA:49,528
DA:52,528
DA:54,132
DA:60,144
DA:63,288
DA:64,16284
DA:65,10760
DA:66,5380
DA:68,144
DA:71,120
DA:74,360
DA:75,408
DA:76,396
DA:81,360
DA:82,240
DA:83,360
DA:84,240
DA:85,600
DA:86,240
DA:87,600
DA:88,240
DA:89,480
DA:90,480
DA:91,240
DA:95,52
DA:96,156
DA:97,4
DA:100,250
DA:101,72
DA:102,50
DA:106,16
DA:107,28
DA:108,28
DA:111,4
DA:114,16
DA:115,4
DA:119,90
DA:120,512
DA:130,30
DA:134,164
DA:138,10
DA:139,30
DA:143,60
DA:144,340
DA:148,16
DA:149,72
DA:158,74
DA:163,144
DA:164,180
DA:168,108
DA:169,75
DA:170,12
DA:171,3
DA:175,128
DA:176,45
DA:178,61
DA:180,92
DA:181,104
DA:184,48
DA:185,22
DA:189,78
DA:190,130
DA:193,26
DA:197,0
DA:198,0
DA:201,0
DA:202,0
DA:203,0
DA:204,0
DA:206,0
DA:207,0
DA:208,0
DA:212,0
DA:213,0
DA:214,0
DA:215,0
DA:217,0
DA:218,0
DA:219,0
DA:258,0
DA:262,0
DA:263,0
DA:264,0
DA:265,0
DA:266,0
DA:268,0
DA:269,0
DA:270,0
DA:274,0
DA:275,0
DA:276,0
DA:277,0
DA:278,0
DA:280,0
DA:281,0
DA:282,0
DA:286,0
DA:287,0
DA:288,0
DA:289,0
DA:290,0
DA:292,0
DA:293,0
DA:294,0
DA:298,0
DA:299,0
DA:300,0
DA:301,0
DA:302,0
DA:304,0
DA:305,0
DA:306,0
DA:309,0
DA:310,0
DA:311,0
DA:313,0
DA:316,0
DA:320,36
DA:321,108
DA:323,144
DA:324,72
DA:327,108
DA:328,108
LF:129
LH:75
end_of_record
TN:
SF:/Users/evintleovonzko/Documents/Works/Kolosal/torch-inference/src/core/vits_tts.rs
FN:30,VITSEngine::new
FN:95,<impl TTSEngine for VITSEngine>::name
FN:99,<impl TTSEngine for VITSEngine>::capabilities
FN:103,<impl TTSEngine for VITSEngine>::synthesize
FN:156,<impl TTSEngine for VITSEngine>::list_voices
FNF:5
FNDA:16,VITSEngine::new
FNDA:2,<impl TTSEngine for VITSEngine>::name
FNDA:2,<impl TTSEngine for VITSEngine>::capabilities
FNDA:6,<impl TTSEngine for VITSEngine>::synthesize
FNDA:2,<impl TTSEngine for VITSEngine>::list_voices
DA:30,16
DA:32,32
DA:33,20
DA:34,32
DA:38,32
DA:39,20
DA:40,32
DA:43,48
DA:44,20
DA:45,16
DA:54,48
DA:55,48
DA:56,128
DA:57,32
DA:82,32
DA:84,16
DA:85,16
DA:86,16
DA:87,16
DA:88,16
DA:95,2
DA:96,2
DA:99,2
DA:100,2
DA:103,6
DA:119,6
DA:156,2
DA:157,4
LF:28
LH:28
end_of_record
TN:
SF:/Users/evintleovonzko/Documents/Works/Kolosal/torch-inference/src/core/whisper_stt.rs
FN:18,<impl Default for WhisperConfig>::default
FN:36,WhisperEngine::new
FN:68,WhisperEngine::transcribe
FN:87,WhisperEngine::transcribe_file
FN:96,WhisperEngine::transcribe_fallback
FNF:5
FNDA:20,<impl Default for WhisperConfig>::default
FNDA:20,WhisperEngine::new
FNDA:16,WhisperEngine::transcribe
FNDA:4,WhisperEngine::transcribe_file
FNDA:16,WhisperEngine::transcribe_fallback
DA:18,20
DA:20,60
DA:21,40
DA:22,20
DA:36,20
DA:58,20
DA:59,20
DA:60,20
DA:61,20
DA:62,20
DA:63,20
DA:68,16
DA:82,48
DA:87,4
DA:88,8
DA:89,12
DA:90,8
DA:91,6
DA:96,16
DA:97,32
DA:100,32
DA:101,524824
DA:104,32
DA:105,262388
DA:106,401752
DA:107,389366
DA:108,8110
DA:112,32
DA:115,32
DA:117,32
DA:122,16
DA:123,16
LF:32
LH:32
end_of_record
TN:
SF:/Users/evintleovonzko/Documents/Works/Kolosal/torch-inference/src/core/windows_sapi_tts.rs
FN:18,WindowsSAPIEngine::new
FN:51,WindowsSAPIEngine::generate_sapi_speech
FN:102,<impl TTSEngine for WindowsSAPIEngine>::name
FN:106,<impl TTSEngine for WindowsSAPIEngine>::capabilities
FN:110,<impl TTSEngine for WindowsSAPIEngine>::synthesize
FN:133,<impl TTSEngine for WindowsSAPIEngine>::list_voices
FNF:6
FNDA:18,WindowsSAPIEngine::new
FNDA:2,WindowsSAPIEngine::generate_sapi_speech
FNDA:2,<impl TTSEngine for WindowsSAPIEngine>::name
FNDA:4,<impl TTSEngine for WindowsSAPIEngine>::capabilities
FNDA:2,<impl TTSEngine for WindowsSAPIEngine>::synthesize
FNDA:8,<impl TTSEngine for WindowsSAPIEngine>::list_voices
DA:18,18
DA:20,54
DA:21,54
DA:22,72
DA:23,36
DA:45,18
DA:46,18
DA:47,18
DA:51,2
DA:53,6
DA:54,6
DA:56,4
DA:59,6
DA:61,4
DA:62,4
DA:63,2
DA:64,6
DA:65,6
DA:66,6
DA:67,6
DA:68,4
DA:73,0
DA:74,0
DA:75,0
DA:76,0
DA:80,0
DA:83,0
DA:84,0
DA:88,0
DA:91,0
DA:92,0
DA:95,0
DA:96,0
DA:102,2
DA:103,2
DA:106,4
DA:107,4
DA:110,2
DA:133,8
DA:134,16
LF:40
LH:28
end_of_record
TN:
SF:/Users/evintleovonzko/Documents/Works/Kolosal/torch-inference/src/core/xtts.rs
FN:29,XTTSEngine::new
FN:118,<impl TTSEngine for XTTSEngine>::name
FN:122,<impl TTSEngine for XTTSEngine>::capabilities
FN:126,<impl TTSEngine for XTTSEngine>::synthesize
FN:196,<impl TTSEngine for XTTSEngine>::list_voices
FNF:5
FNDA:16,XTTSEngine::new
FNDA:2,<impl TTSEngine for XTTSEngine>::name
FNDA:2,<impl TTSEngine for XTTSEngine>::capabilities
FNDA:6,<impl TTSEngine for XTTSEngine>::synthesize
FNDA:2,<impl TTSEngine for XTTSEngine>::list_voices
DA:29,16
DA:31,32
DA:32,20
DA:33,32
DA:37,32
DA:38,20
DA:39,32
DA:42,48
DA:43,20
DA:44,16
DA:53,48
DA:54,48
DA:55,32
DA:73,32
DA:105,32
DA:107,16
DA:108,16
DA:109,16
DA:110,16
DA:111,16
DA:118,2
DA:119,2
DA:122,2
DA:123,2
DA:126,6
DA:196,2
DA:197,4
LF:27
LH:27
end_of_record
TN:
SF:/Users/evintleovonzko/Documents/Works/Kolosal/torch-inference/src/core/yolo.rs
FN:25,YoloVersion::from_str
FN:36,YoloVersion::as_str
FN:58,YoloSize::suffix
FN:68,YoloSize::from_suffix
FN:98,BoundingBox::width
FN:102,BoundingBox::height
FN:106,BoundingBox::center_x
FN:110,BoundingBox::center_y
FN:114,BoundingBox::area
FN:118,BoundingBox::iou
FN:206,YoloDetector::new
FN:217,YoloDetector::set_conf_threshold
FN:222,YoloDetector::set_iou_threshold
FN:227,YoloDetector::set_input_size
FN:253,YoloDetector::preprocess_image
FN:289,YoloDetector::detect
FNF:16
FNDA:90,YoloVersion::from_str
FNDA:50,YoloVersion::as_str
FNDA:64,YoloSize::suffix
FNDA:62,YoloSize::from_suffix
FNDA:26,BoundingBox::width
FNDA:26,BoundingBox::height
FNDA:2,BoundingBox::center_x
FNDA:2,BoundingBox::center_y
FNDA:24,BoundingBox::area
FNDA:14,BoundingBox::iou
FNDA:2,YoloDetector::new
FNDA:6,YoloDetector::set_conf_threshold
FNDA:4,YoloDetector::set_iou_threshold
FNDA:2,YoloDetector::set_input_size
FNDA:2,YoloDetector::preprocess_image
FNDA:2,YoloDetector::detect
DA:25,90
DA:26,90
DA:27,182
DA:28,156
DA:29,102
DA:30,124
DA:31,84
DA:32,18
DA:36,50
DA:37,50
DA:38,8
DA:39,24
DA:40,6
DA:41,6
DA:42,6
DA:58,64
DA:59,64
DA:60,26
DA:61,10
DA:62,8
DA:63,8
DA:64,12
DA:68,62
DA:69,62
DA:70,78
DA:71,54
DA:72,44
DA:73,38
DA:74,34
DA:75,18
DA:98,26
DA:99,26
DA:102,26
DA:103,26
DA:106,2
DA:107,2
DA:110,2
DA:111,2
DA:114,24
DA:115,72
DA:118,14
DA:119,56
DA:120,56
DA:121,56
DA:122,56
DA:124,24
DA:125,4
DA:128,30
DA:129,40
DA:131,10
DA:206,2
DA:213,4
DA:217,6
DA:218,6
DA:222,4
DA:223,4
DA:227,2
DA:228,2
DA:253,2
DA:254,4
DA:289,2
DA:290,4
DA:444,12
DA:445,24
DA:446,2
DA:450,20
DA:452,20
DA:454,26
DA:455,48
DA:456,64
DA:458,40
DA:460,8
DA:461,4
DA:465,12
DA:469,10
DA:473,2
DA:474,2
DA:476,4
DA:477,4
DA:478,4
DA:488,32
DA:489,64
LF:82
LH:82
end_of_record
TN:
SF:/Users/evintleovonzko/Documents/Works/Kolosal/torch-inference/src/dedup.rs
FN:31,RequestDeduplicator::new
FN:39,RequestDeduplicator::generate_key
FN:55,RequestDeduplicator::get
FN:81,RequestDeduplicator::set
FN:97,RequestDeduplicator::invalidate
FN:102,RequestDeduplicator::clear
FN:107,RequestDeduplicator::cleanup_expired
FN:125,RequestDeduplicator::size
FN:131,<impl Default for RequestDeduplicator>::default
FN:137,canonical_json
FNF:10
FNDA:42,RequestDeduplicator::new
FNDA:24,RequestDeduplicator::generate_key
FNDA:34,RequestDeduplicator::get
FNDA:34,RequestDeduplicator::set
FNDA:2,RequestDeduplicator::invalidate
FNDA:2,RequestDeduplicator::clear
FNDA:2,RequestDeduplicator::cleanup_expired
FNDA:16,RequestDeduplicator::size
FNDA:2,<impl Default for RequestDeduplicator>::default
FNDA:70,canonical_json
DA:31,42
DA:32,168
DA:35,84
DA:39,24
DA:40,72
DA:41,96
DA:44,72
DA:45,72
DA:46,24
DA:47,24
DA:48,24
DA:49,24
DA:50,48
DA:55,34
DA:56,102
DA:57,102
DA:58,34
DA:63,102
DA:64,34
DA:65,114
DA:67,34
DA:69,108
DA:70,32
DA:71,18
DA:73,32
DA:74,24
DA:75,16
DA:81,34
DA:82,102
DA:83,34
DA:86,60
DA:87,102
DA:88,68
DA:89,34
DA:90,102
DA:91,34
DA:92,34
DA:97,2
DA:98,4
DA:99,4
DA:102,2
DA:103,2
DA:104,4
DA:107,2
DA:108,6
DA:109,2
DA:112,6
DA:113,6
DA:115,18
DA:116,6
DA:118,6
DA:119,8
DA:120,6
DA:122,4
DA:125,16
DA:126,16
DA:131,2
DA:132,2
DA:137,70
DA:138,70
DA:139,24
DA:140,120
DA:141,48
DA:142,48
DA:144,52
DA:145,28
DA:146,28
DA:147,84
DA:148,56
DA:153,48
DA:155,10
DA:156,40
DA:157,20
DA:159,72
LF:74
LH:74
end_of_record
TN:
SF:/Users/evintleovonzko/Documents/Works/Kolosal/torch-inference/src/error.rs
FN:61,<impl ResponseError for ApiError>::error_response
FN:69,<impl ResponseError for ApiError>::status_code
FNF:2
FNDA:70,<impl ResponseError for ApiError>::error_response
FNDA:80,<impl ResponseError for ApiError>::status_code
DA:61,70
DA:62,210
DA:63,210
DA:64,210
DA:65,210
DA:69,80
DA:70,80
DA:71,40
DA:72,24
DA:73,8
DA:74,4
DA:75,4
LF:12
LH:12
end_of_record
TN:
SF:/Users/evintleovonzko/Documents/Works/Kolosal/torch-inference/src/guard.rs
FN:66,<impl Default for GuardConfig>::default
FN:117,SystemGuard::new
FN:139,SystemGuard::check_memory
FN:176,SystemGuard::check_request_rate
FN:206,SystemGuard::check_queue_depth
FN:226,SystemGuard::check_worker_success_rate
FN:246,SystemGuard::check_cache_hit_rate
FN:266,SystemGuard::check_gpu_utilization
FN:290,SystemGuard::record_error
FN:314,SystemGuard::record_success
FN:319,SystemGuard::is_circuit_open
FN:336,SystemGuard::trigger_circuit_breaker
FN:352,SystemGuard::reset_circuit_breaker
FN:361,SystemGuard::apply_mitigation
FN:373,SystemGuard::record_violation
FN:392,SystemGuard::get_recent_violations
FN:402,SystemGuard::get_violation_stats
FN:429,SystemGuard::set_guard_enabled
FN:437,SystemGuard::is_guard_enabled
FN:443,SystemGuard::get_stats
FN:457,SystemGuard::reset_stats
FN:491,<impl Default for SystemGuard>::default
FNF:22
FNDA:74,<impl Default for GuardConfig>::default
FNDA:72,SystemGuard::new
FNDA:36,SystemGuard::check_memory
FNDA:212,SystemGuard::check_request_rate
FNDA:4076,SystemGuard::check_queue_depth
FNDA:8,SystemGuard::check_worker_success_rate
FNDA:16,SystemGuard::check_cache_hit_rate
FNDA:12,SystemGuard::check_gpu_utilization
FNDA:52,SystemGuard::record_error
FNDA:2,SystemGuard::record_success
FNDA:8,SystemGuard::is_circuit_open
FNDA:20,SystemGuard::trigger_circuit_breaker
FNDA:8,SystemGuard::reset_circuit_breaker
FNDA:8,SystemGuard::apply_mitigation
FNDA:4136,SystemGuard::record_violation
FNDA:12,SystemGuard::get_recent_violations
FNDA:56,SystemGuard::get_violation_stats
FNDA:24,SystemGuard::set_guard_enabled
FNDA:24,SystemGuard::is_guard_enabled
FNDA:4,SystemGuard::get_stats
FNDA:8,SystemGuard::reset_stats
FNDA:22,<impl Default for SystemGuard>::default
DA:66,74
DA:117,72
DA:118,144
DA:119,144
DA:123,288
DA:124,144
DA:125,144
DA:126,144
DA:127,288
DA:128,144
DA:129,144
DA:130,288
DA:131,144
DA:132,216
DA:133,216
DA:134,144
DA:139,36
DA:140,36
DA:142,18
DA:144,36
DA:146,36
DA:148,24
DA:149,12
DA:150,12
DA:153,48
DA:154,12
DA:157,6
DA:159,6
DA:161,6
DA:163,4
DA:165,2
DA:168,4
DA:169,8
DA:172,6
DA:176,212
DA:177,318
DA:179,212
DA:180,318
DA:182,106
DA:183,16
DA:184,4
DA:186,4
DA:188,6
DA:190,6
DA:192,4
DA:193,2
DA:194,2
DA:197,8
DA:198,2
DA:202,104
DA:206,4076
DA:207,2038
DA:209,6108
DA:211,6108
DA:213,4072
DA:214,2036
DA:215,2036
DA:218,8144
DA:219,2036
DA:222,2
DA:226,8
DA:227,4
DA:229,6
DA:231,6
DA:233,4
DA:235,2
DA:238,8
DA:239,2
DA:242,2
DA:246,16
DA:247,8
DA:249,6
DA:251,6
DA:253,4
DA:255,2
DA:258,4
DA:259,8
DA:262,8
DA:266,12
DA:267,6
DA:269,6
DA:271,6
DA:273,4
DA:275,2
DA:278,8
DA:279,2
DA:282,4
DA:283,4
DA:286,4
DA:290,52
DA:291,78
DA:293,26
DA:295,30
DA:297,30
DA:299,20
DA:300,10
DA:301,10
DA:304,40
DA:305,20
DA:307,10
DA:310,16
DA:314,2
DA:315,6
DA:319,8
DA:320,8
DA:321,2
DA:325,6
DA:326,4
DA:327,0
DA:328,0
DA:332,2
DA:336,20
DA:337,30
DA:339,10
DA:340,12
DA:341,12
DA:343,8
DA:345,12
DA:346,8
DA:352,8
DA:353,12
DA:354,12
DA:355,12
DA:357,8
DA:361,8
DA:362,8
DA:365,8
DA:366,24
DA:373,4136
DA:374,2068
DA:375,72
DA:376,48
DA:379,6204
DA:381,4136
DA:382,4136
DA:385,2078
DA:386,30
DA:387,20
DA:392,12
DA:393,12
DA:394,6
DA:396,12
DA:402,56
DA:403,56
DA:405,84
DA:406,78
DA:407,66
DA:408,22
DA:411,84
DA:412,78
DA:413,88
DA:414,22
DA:418,112
DA:419,112
DA:420,56
DA:423,112
DA:424,56
DA:429,24
DA:430,24
DA:431,48
DA:433,48
DA:437,24
DA:438,24
DA:439,36
DA:443,4
DA:444,6
DA:445,8
DA:449,8
DA:450,8
DA:452,2
DA:457,8
DA:458,12
DA:459,12
DA:460,12
DA:461,12
DA:463,8
DA:464,4
DA:466,8
DA:491,22
DA:492,44
LF:180
LH:178
end_of_record
TN:
SF:/Users/evintleovonzko/Documents/Works/Kolosal/torch-inference/src/inflight_batch.rs
FN:44,InflightBatchProcessor::new
FN:62,InflightBatchProcessor::add_request
FN:86,InflightBatchProcessor::try_form_batch
FN:133,InflightBatchProcessor::complete_batch
FN:151,InflightBatchProcessor::get_adaptive_timeout
FN:166,InflightBatchProcessor::queue_depth
FN:171,InflightBatchProcessor::inflight_count
FN:176,InflightBatchProcessor::can_accept_batch
FN:181,InflightBatchProcessor::get_stats
FN:211,InflightBatchProcessor::clear_queue
FN:239,<impl Default for InflightBatchProcessor>::default
FNF:11
FNDA:52,InflightBatchProcessor::new
FNDA:556,InflightBatchProcessor::add_request
FNDA:80,InflightBatchProcessor::try_form_batch
FNDA:18,InflightBatchProcessor::complete_batch
FNDA:12,InflightBatchProcessor::get_adaptive_timeout
FNDA:12,InflightBatchProcessor::queue_depth
FNDA:14,InflightBatchProcessor::inflight_count
FNDA:6,InflightBatchProcessor::can_accept_batch
FNDA:14,InflightBatchProcessor::get_stats
FNDA:8,InflightBatchProcessor::clear_queue
FNDA:2,<impl Default for InflightBatchProcessor>::default
DA:44,52
DA:49,208
DA:50,208
DA:51,104
DA:52,104
DA:53,104
DA:54,104
DA:55,104
DA:56,52
DA:57,52
DA:62,556
DA:63,556
DA:66,556
DA:67,3446
DA:68,556
DA:70,834
DA:72,556
DA:73,1112
DA:76,1112
DA:77,556
DA:78,834
DA:81,556
DA:82,278
DA:86,80
DA:88,80
DA:89,80
DA:90,4
DA:91,2
DA:94,76
DA:96,38
DA:97,4
DA:101,68
DA:102,102
DA:103,34
DA:105,68
DA:106,12
DA:108,34
DA:109,2
DA:113,128
DA:114,160
DA:116,128
DA:117,96
DA:120,96
DA:122,32
DA:123,32
DA:124,64
DA:125,32
DA:126,96
DA:129,32
DA:133,18
DA:134,54
DA:135,72
DA:136,72
DA:137,54
DA:140,18
DA:142,18
DA:143,18
DA:146,54
DA:151,12
DA:152,48
DA:154,24
DA:155,14
DA:156,12
DA:157,12
DA:158,6
DA:159,2
DA:162,24
DA:166,12
DA:167,36
DA:171,14
DA:172,42
DA:176,6
DA:177,6
DA:181,14
DA:182,56
DA:183,56
DA:184,56
DA:186,28
DA:187,6
DA:189,8
DA:192,28
DA:193,6
DA:195,8
DA:203,56
DA:204,56
DA:205,42
DA:206,14
DA:211,8
DA:212,8
DA:213,8
DA:216,36
DA:217,36
DA:220,12
DA:221,8
DA:222,4
DA:239,2
DA:240,2
LF:97
LH:97
end_of_record
TN:
SF:/Users/evintleovonzko/Documents/Works/Kolosal/torch-inference/src/main.rs
FN:55,main
FN:401,shutdown_signal
FN:431,log_system_info
FNF:3
FNDA:0,main
FNDA:0,shutdown_signal
FNDA:3,log_system_info
DA:55,0
DA:241,0
DA:252,0
DA:286,0
DA:287,0
DA:288,0
DA:289,0
DA:353,0
DA:354,0
DA:355,0
DA:356,0
DA:357,0
DA:358,0
DA:359,0
DA:360,0
DA:361,0
DA:362,0
DA:363,0
DA:364,0
DA:365,0
DA:366,0
DA:367,0
DA:368,0
DA:370,0
DA:371,0
DA:372,0
DA:375,0
DA:376,0
DA:377,0
DA:379,0
DA:380,0
DA:381,0
DA:382,0
DA:383,0
DA:392,0
DA:393,0
DA:394,0
DA:395,0
DA:401,0
DA:404,0
DA:405,0
DA:406,0
DA:411,0
DA:412,0
DA:415,0
DA:421,0
DA:422,0
DA:423,0
DA:425,0
DA:426,0
DA:431,3
DA:432,6
DA:433,12
DA:436,6
DA:437,6
DA:440,6
DA:441,6
DA:442,6
DA:443,6
DA:449,3
DA:450,6
DA:451,6
DA:452,6
DA:454,0
DA:457,0
DA:463,0
DA:464,0
DA:465,0
DA:466,0
DA:469,0
DA:477,3
DA:478,0
DA:485,0
DA:487,6
DA:495,6
DA:502,6
DA:505,6
DA:507,12
LF:78
LH:19
end_of_record
TN:
SF:/Users/evintleovonzko/Documents/Works/Kolosal/torch-inference/src/middleware/correlation_id.rs
FN:26,<impl Transform for CorrelationIdMiddleware>::new_transform
FN:49,<impl Service for CorrelationIdMiddlewareService<S>>::call
FN:80,get_correlation_id
FNF:3
FNDA:8,<impl Transform for CorrelationIdMiddleware>::new_transform
FNDA:8,<impl Service for CorrelationIdMiddlewareService<S>>::call
FNDA:2,get_correlation_id
DA:26,8
DA:27,16
DA:28,8
DA:49,8
DA:51,16
DA:54,14
DA:55,12
DA:56,8
DA:59,24
DA:62,24
DA:63,24
DA:65,16
DA:66,32
DA:68,16
DA:69,8
DA:70,16
DA:71,8
DA:74,8
DA:80,2
DA:81,2
LF:20
LH:20
end_of_record
TN:
SF:/Users/evintleovonzko/Documents/Works/Kolosal/torch-inference/src/middleware/rate_limit.rs
FN:11,<impl Display for RateLimitError>::fmt
FN:17,<impl ResponseError for RateLimitError>::status_code
FN:21,<impl ResponseError for RateLimitError>::error_response
FN:41,RateLimiter::new
FN:49,RateLimiter::is_allowed
FN:74,RateLimiter::cleanup_old_entries
FN:87,<impl Default for RateLimiter>::default
FNF:7
FNDA:2,<impl Display for RateLimitError>::fmt
FNDA:2,<impl ResponseError for RateLimitError>::status_code
FNDA:2,<impl ResponseError for RateLimitError>::error_response
FNDA:36,RateLimiter::new
FNDA:48,RateLimiter::is_allowed
FNDA:2,RateLimiter::cleanup_old_entries
FNDA:2,<impl Default for RateLimiter>::default
DA:11,2
DA:12,6
DA:17,2
DA:18,2
DA:21,2
DA:22,4
DA:23,4
DA:24,4
DA:25,2
DA:26,2
DA:41,36
DA:43,72
DA:49,48
DA:50,144
DA:51,48
DA:55,336
DA:56,144
DA:58,48
DA:59,2
DA:60,2
DA:61,2
DA:62,46
DA:63,40
DA:64,40
DA:66,18
DA:67,6
DA:68,12
DA:69,6
DA:74,2
DA:75,6
DA:76,2
DA:80,6
DA:81,2
DA:87,2
DA:88,2
LF:35
LH:35
end_of_record
TN:
SF:/Users/evintleovonzko/Documents/Works/Kolosal/torch-inference/src/middleware/request_logger.rs
FN:26,<impl Transform for RequestLogger>::new_transform
FN:47,<impl Service for RequestLoggerMiddleware<S>>::call
FNF:2
FNDA:38,<impl Transform for RequestLogger>::new_transform
FNDA:62,<impl Service for RequestLoggerMiddleware<S>>::call
DA:26,38
DA:27,76
DA:47,62
DA:48,186
DA:49,186
DA:50,248
DA:53,124
DA:56,146
DA:57,114
DA:58,62
DA:60,248
DA:63,62
DA:64,8
DA:65,0
DA:66,0
DA:67,0
DA:68,0
DA:71,248
DA:73,124
DA:74,124
DA:75,52
DA:76,156
DA:79,52
DA:80,8
DA:81,0
DA:82,0
DA:83,8
DA:84,8
DA:85,0
DA:88,52
DA:90,10
DA:92,10
DA:93,0
DA:94,0
DA:95,0
DA:96,0
DA:97,0
DA:98,0
DA:101,10
LF:39
LH:26
end_of_record
TN:
SF:/Users/evintleovonzko/Documents/Works/Kolosal/torch-inference/src/model_pool.rs
FN:21,InstanceMetrics::new
FN:29,InstanceMetrics::start_request
FN:34,InstanceMetrics::end_request
FN:48,InstanceMetrics::load_score
FN:73,ModelPool<T>::new
FN:83,ModelPool<T>::add_instance
FN:99,ModelPool<T>::acquire
FN:131,ModelPool<T>::select_least_loaded_instance
FN:144,ModelPool<T>::release
FN:150,ModelPool<T>::instance_count
FN:157,ModelPool<T>::remove_model
FN:164,ModelPool<T>::get_stats
FN:186,ModelPool<T>::get_model_stats
FN:218,<impl Default for ModelPool<T>>::default
FNF:14
FNDA:36,InstanceMetrics::new
FNDA:54,InstanceMetrics::start_request
FNDA:54,InstanceMetrics::end_request
FNDA:134,InstanceMetrics::load_score
FNDA:26,ModelPool<T>::new
FNDA:42,ModelPool<T>::add_instance
FNDA:82,ModelPool<T>::acquire
FNDA:54,ModelPool<T>::select_least_loaded_instance
FNDA:54,ModelPool<T>::release
FNDA:8,ModelPool<T>::instance_count
FNDA:2,ModelPool<T>::remove_model
FNDA:6,ModelPool<T>::get_stats
FNDA:6,ModelPool<T>::get_model_stats
FNDA:2,<impl Default for ModelPool<T>>::default
DA:21,36
DA:23,72
DA:24,36
DA:25,36
DA:29,54
DA:30,162
DA:31,162
DA:34,54
DA:35,162
DA:38,216
DA:39,108
DA:40,34
DA:43,20
DA:45,216
DA:48,134
DA:49,536
DA:50,536
DA:54,134
DA:73,26
DA:75,52
DA:77,26
DA:78,26
DA:83,42
DA:84,210
DA:85,42
DA:87,42
DA:90,36
DA:92,72
DA:93,108
DA:99,82
DA:100,110
DA:101,70
DA:105,66
DA:107,88
DA:108,18
DA:110,2
DA:114,64
DA:115,32
DA:118,16
DA:119,32
DA:121,32
DA:122,16
DA:125,32
DA:127,64
DA:131,54
DA:132,54
DA:133,32
DA:136,44
DA:138,88
DA:139,22
DA:144,54
DA:145,108
DA:146,108
DA:150,8
DA:151,24
DA:152,20
DA:157,2
DA:158,6
DA:159,6
DA:160,4
DA:164,6
DA:165,18
DA:166,24
DA:167,22
DA:171,18
DA:172,20
DA:173,40
DA:174,24
DA:181,6
DA:186,6
DA:187,24
DA:189,32
DA:190,14
DA:191,28
DA:192,56
DA:193,56
DA:194,56
DA:195,14
DA:197,20
DA:218,2
DA:219,2
LF:81
LH:81
end_of_record
TN:
SF:/Users/evintleovonzko/Documents/Works/Kolosal/torch-inference/src/models/download.rs
FN:71,ModelDownloadManager::new
FN:82,ModelDownloadManager::initialize
FN:93,ModelDownloadManager::scan_cache
FN:138,ModelDownloadManager::calculate_dir_size
FN:154,ModelDownloadManager::download_model
FN:184,ModelDownloadManager::execute_download
FN:232,ModelDownloadManager::download_from_huggingface
FN:335,ModelDownloadManager::download_from_url
FN:368,ModelDownloadManager::update_task_status
FN:377,ModelDownloadManager::update_task_progress
FN:385,ModelDownloadManager::update_task_error
FN:393,ModelDownloadManager::get_task_status
FN:397,ModelDownloadManager::list_tasks
FN:401,ModelDownloadManager::list_models
FN:405,ModelDownloadManager::get_model
FN:409,ModelDownloadManager::delete_model
FN:421,ModelDownloadManager::get_cache_info
FN:435,<impl Clone for ModelDownloadManager>::clone
FNF:18
FNDA:150,ModelDownloadManager::new
FNDA:22,ModelDownloadManager::initialize
FNDA:28,ModelDownloadManager::scan_cache
FNDA:32,ModelDownloadManager::calculate_dir_size
FNDA:34,ModelDownloadManager::download_model
FNDA:32,ModelDownloadManager::execute_download
FNDA:4,ModelDownloadManager::download_from_huggingface
FNDA:12,ModelDownloadManager::download_from_url
FNDA:38,ModelDownloadManager::update_task_status
FNDA:32,ModelDownloadManager::update_task_progress
FNDA:12,ModelDownloadManager::update_task_error
FNDA:50,ModelDownloadManager::get_task_status
FNDA:6,ModelDownloadManager::list_tasks
FNDA:18,ModelDownloadManager::list_models
FNDA:26,ModelDownloadManager::get_model
FNDA:16,ModelDownloadManager::delete_model
FNDA:8,ModelDownloadManager::get_cache_info
FNDA:26,<impl Clone for ModelDownloadManager>::clone
DA:71,150
DA:72,450
DA:74,150
DA:75,300
DA:76,450
DA:77,150
DA:78,150
DA:82,22
DA:84,12
DA:88,12
DA:90,6
DA:93,28
DA:94,6
DA:95,0
DA:98,18
DA:100,30
DA:101,18
DA:102,6
DA:103,12
DA:104,18
DA:109,12
DA:110,12
DA:111,0
DA:112,0
DA:114,6
DA:118,24
DA:121,18
DA:122,12
DA:127,6
DA:131,18
DA:135,6
DA:138,32
DA:139,12
DA:140,18
DA:142,30
DA:143,18
DA:144,18
DA:145,6
DA:146,6
DA:147,0
DA:151,6
DA:154,34
DA:155,42
DA:156,42
DA:159,42
DA:160,42
DA:161,42
DA:167,14
DA:171,70
DA:174,42
DA:175,18
DA:176,28
DA:177,16
DA:181,14
DA:184,32
DA:185,42
DA:189,56
DA:191,42
DA:192,28
DA:194,14
DA:195,8
DA:196,12
DA:197,8
DA:198,8
DA:199,12
DA:200,4
DA:203,6
DA:204,32
DA:207,4
DA:210,4
DA:214,16
DA:217,16
DA:219,12
DA:220,12
DA:223,4
DA:224,4
DA:227,12
DA:229,4
DA:232,4
DA:239,16
DA:241,8
DA:244,12
DA:246,8
DA:247,20
DA:249,4
DA:252,4
DA:253,8
DA:256,0
DA:259,0
DA:264,0
DA:266,0
DA:269,0
DA:271,0
DA:274,0
DA:275,0
DA:276,0
DA:278,0
DA:282,0
DA:285,0
DA:286,0
DA:287,0
DA:289,0
DA:294,0
DA:297,0
DA:298,0
DA:302,0
DA:304,0
DA:305,0
DA:307,0
DA:308,0
DA:309,0
DA:312,0
DA:313,0
DA:315,0
DA:317,0
DA:318,0
DA:319,0
DA:322,0
DA:323,0
DA:324,0
DA:325,0
DA:329,0
DA:332,0
DA:335,12
DA:336,12
DA:337,30
DA:339,6
DA:340,4
DA:343,12
DA:344,8
DA:347,20
DA:348,16
DA:350,12
DA:351,12
DA:354,28
DA:355,8
DA:356,12
DA:357,4
DA:359,12
DA:360,12
DA:361,20
DA:365,4
DA:368,38
DA:369,112
DA:370,72
DA:371,44
DA:372,8
DA:377,32
DA:378,124
DA:379,60
DA:380,60
DA:381,30
DA:385,12
DA:386,44
DA:387,20
DA:388,30
DA:389,10
DA:393,50
DA:394,234
DA:397,6
DA:398,30
DA:401,18
DA:402,86
DA:405,26
DA:406,110
DA:409,16
DA:410,10
DA:411,2
DA:412,4
DA:415,2
DA:417,4
DA:421,8
DA:422,52
DA:423,16
DA:426,24
DA:429,8
DA:435,26
DA:437,78
DA:438,78
DA:439,52
DA:440,26
LF:181
LH:141
end_of_record
TN:
SF:/Users/evintleovonzko/Documents/Works/Kolosal/torch-inference/src/models/manager.rs
FN:24,BaseModel::new
FN:32,BaseModel::load
FN:38,BaseModel::forward
FN:45,BaseModel::model_info
FN:67,ModelManager::new
FN:92,ModelManager::register_model_from_path
FN:101,ModelManager::scan_and_register
FN:158,ModelManager::load_onnx_model
FN:201,ModelManager::load_pytorch_model
FN:243,ModelManager::infer_onnx
FN:277,ModelManager::infer_pytorch
FN:284,ModelManager::infer_registered
FN:305,ModelManager::get_model_metadata
FN:311,ModelManager::list_registered_models
FN:316,ModelManager::list_by_format
FN:321,ModelManager::get_registry_stats
FN:332,ModelManager::export_registry
FN:338,ModelManager::register_model
FN:344,ModelManager::load_model
FN:353,ModelManager::get_model
FN:360,ModelManager::list_available
FN:370,ModelManager::initialize_default_models
FNF:22
FNDA:58,BaseModel::new
FNDA:50,BaseModel::load
FNDA:16,BaseModel::forward
FNDA:4,BaseModel::model_info
FNDA:228,ModelManager::new
FNDA:140,ModelManager::register_model_from_path
FNDA:88,ModelManager::scan_and_register
FNDA:32,ModelManager::load_onnx_model
FNDA:4,ModelManager::load_pytorch_model
FNDA:26,ModelManager::infer_onnx
FNDA:4,ModelManager::infer_pytorch
FNDA:22,ModelManager::infer_registered
FNDA:40,ModelManager::get_model_metadata
FNDA:16,ModelManager::list_registered_models
FNDA:24,ModelManager::list_by_format
FNDA:16,ModelManager::get_registry_stats
FNDA:8,ModelManager::export_registry
FNDA:74,ModelManager::register_model
FNDA:12,ModelManager::load_model
FNDA:66,ModelManager::get_model
FNDA:14,ModelManager::list_available
FNDA:32,ModelManager::initialize_default_models
DA:24,58
DA:27,58
DA:32,50
DA:33,36
DA:34,18
DA:35,18
DA:38,16
DA:39,4
DA:40,2
DA:42,2
DA:45,4
DA:46,4
DA:47,4
DA:48,4
DA:49,4
DA:67,228
DA:68,684
DA:69,684
DA:72,456
DA:73,912
DA:74,684
DA:79,684
DA:80,684
DA:85,684
DA:86,456
DA:92,140
DA:93,132
DA:94,262
DA:95,72
DA:96,128
DA:97,64
DA:101,88
DA:102,84
DA:103,84
DA:104,54
DA:158,32
DA:159,32
DA:162,42
DA:163,34
DA:166,10
DA:167,6
DA:168,6
DA:173,12
DA:174,8
DA:176,0
DA:179,8
DA:181,4
DA:182,0
DA:183,0
DA:184,0
DA:185,0
DA:189,16
DA:192,8
DA:193,4
DA:195,8
DA:196,4
DA:201,4
DA:202,2
DA:203,2
DA:243,26
DA:244,24
DA:247,34
DA:248,18
DA:251,24
DA:252,10
[...]
FNDA:38,ModelRegistry::list_models
FNDA:30,ModelRegistry::list_by_format
FNDA:6,ModelRegistry::search_by_tags
FNDA:4,ModelRegistry::unregister
FNDA:22,ModelRegistry::get_stats
FNDA:12,ModelRegistry::export_registry
DA:24,198
DA:25,198
DA:26,400
DA:27,286
DA:28,50
DA:29,18
DA:137,300
DA:139,600
DA:141,600
DA:146,224
DA:147,156
DA:149,78
DA:150,2
DA:154,228
DA:155,228
DA:156,76
DA:158,228
DA:159,76
DA:162,332
DA:163,56
DA:164,84
DA:165,56
DA:166,28
DA:170,228
DA:172,228
DA:175,228
DA:176,304
DA:177,76
DA:178,0
DA:180,228
DA:185,152
DA:186,208
DA:188,152
DA:189,152
DA:191,76
DA:196,76
DA:197,76
DA:211,380
DA:213,152
DA:214,76
DA:218,20
DA:224,0
DA:227,0
DA:230,0
DA:231,0
DA:233,0
DA:234,0
DA:236,0
DA:237,0
DA:239,0
DA:243,100
DA:244,84
DA:246,82
DA:247,2
DA:250,80
DA:251,116
DA:254,768
DA:255,696
DA:257,232
DA:258,60
DA:259,24
DA:260,60
DA:261,12
DA:262,24
DA:263,36
DA:265,0
DA:266,0
DA:274,144
DA:275,36
DA:279,110
DA:280,110
DA:281,220
DA:282,254
DA:283,186
DA:287,18
DA:288,18
DA:289,36
DA:290,42
DA:291,30
DA:295,10
DA:296,38
DA:297,8
DA:298,8
DA:303,4
DA:304,14
DA:305,2
DA:310,38
DA:311,38
DA:313,78
DA:318,30
DA:319,30
DA:321,106
DA:322,62
DA:327,6
DA:328,6
DA:330,10
DA:331,20
DA:333,10
DA:338,4
DA:339,4
DA:340,8
DA:341,4
DA:342,8
DA:346,22
DA:347,66
DA:348,134
DA:350,44
DA:351,92
DA:352,96
DA:355,88
DA:356,46
DA:368,12
DA:369,48
DA:370,16
DA:371,8
DA:372,8
DA:373,8
DA:374,8
DA:375,8
DA:376,8
DA:377,8
DA:378,8
DA:382,12
DA:383,12
DA:384,36
DA:385,24
LF:126
LH:114
end_of_record
TN:
SF:/Users/evintleovonzko/Documents/Works/Kolosal/torch-inference/src/monitor.rs
FN:54,Monitor::new
FN:68,Monitor::record_request_start
FN:73,Monitor::record_request_end
FN:124,Monitor::get_health_status
FN:139,Monitor::get_metrics
FN:161,Monitor::get_endpoint_stats
FN:168,Monitor::get_avg_latency
FN:177,Monitor::estimate_memory
FN:181,Monitor::estimate_cpu_usage
FN:185,Monitor::reset
FN:199,<impl Default for Monitor>::default
FNF:11
FNDA:176,Monitor::new
FNDA:51212,Monitor::record_request_start
FNDA:48006,Monitor::record_request_end
FNDA:64,Monitor::get_health_status
FNDA:88,Monitor::get_metrics
FNDA:16,Monitor::get_endpoint_stats
FNDA:152,Monitor::get_avg_latency
FNDA:64,Monitor::estimate_memory
FNDA:64,Monitor::estimate_cpu_usage
FNDA:4,Monitor::reset
FNDA:2,<impl Default for Monitor>::default
DA:54,176
DA:56,352
DA:57,352
DA:58,352
DA:59,352
DA:60,352
DA:61,352
DA:62,352
DA:63,176
DA:64,176
DA:68,51212
DA:69,153636
DA:70,153636
DA:73,48006
DA:74,144018
DA:75,144018
DA:76,192024
DA:79,192024
DA:80,48324
DA:81,212
DA:82,212
DA:83,106
DA:84,106
DA:85,212
DA:86,0
DA:89,192024
DA:90,51735
DA:91,2484
DA:92,2484
DA:93,1242
DA:94,1242
DA:95,2487
DA:96,6
DA:100,48006
DA:101,144018
DA:102,93870
DA:103,45864
DA:104,45864
DA:105,45864
DA:106,45864
DA:107,49282
DA:108,3418
DA:111,48006
DA:112,4284
DA:114,4284
DA:115,2142
DA:116,2142
DA:119,51474
DA:120,6936
DA:124,64
DA:125,128
DA:128,192
DA:129,128
DA:131,192
DA:132,192
DA:133,256
DA:134,256
DA:135,64
DA:139,88
DA:140,352
DA:141,176
DA:142,176
DA:143,4
DA:145,84
DA:149,352
DA:150,352
DA:152,264
DA:153,264
DA:154,264
DA:157,88
DA:161,16
DA:162,16
DA:164,4068
DA:168,152
DA:169,608
DA:170,152
DA:171,82
DA:173,140
DA:177,64
DA:178,64
DA:181,64
DA:182,64
DA:185,4
DA:186,12
DA:187,12
DA:188,12
DA:189,12
DA:190,12
DA:191,12
DA:192,12
DA:193,8
DA:194,8
DA:199,2
DA:200,2
LF:94
LH:93
end_of_record
TN:
SF:/Users/evintleovonzko/Documents/Works/Kolosal/torch-inference/src/resilience/bulkhead.rs
FN:16,Bulkhead::new
FN:23,Bulkhead::acquire_permit
FN:39,Bulkhead::available_permits
FN:43,Bulkhead::max_concurrent
FN:49,<impl Default for BulkheadConfig>::default
FNF:5
FNDA:10,Bulkhead::new
FNDA:28,Bulkhead::acquire_permit
FNDA:12,Bulkhead::available_permits
FNDA:2,Bulkhead::max_concurrent
FNDA:2,<impl Default for BulkheadConfig>::default
DA:16,10
DA:18,30
DA:23,28
DA:24,14
DA:25,12
DA:26,24
DA:28,12
DA:29,12
DA:33,4
DA:34,2
DA:39,12
DA:40,12
DA:43,2
DA:44,2
DA:49,2
LF:15
LH:15
end_of_record
TN:
SF:/Users/evintleovonzko/Documents/Works/Kolosal/torch-inference/src/resilience/circuit_breaker.rs
FN:28,CircuitBreaker::new
FN:38,CircuitBreaker::call
FN:74,CircuitBreaker::on_success
FN:93,CircuitBreaker::on_failure
FN:114,CircuitBreaker::get_state
FN:118,CircuitBreaker::reset
FN:128,<impl Default for CircuitBreakerConfig>::default
FNF:7
FNDA:30,CircuitBreaker::new
FNDA:82,CircuitBreaker::call
FNDA:18,CircuitBreaker::on_success
FNDA:54,CircuitBreaker::on_failure
FNDA:54,CircuitBreaker::get_state
FNDA:4,CircuitBreaker::reset
FNDA:8,<impl Default for CircuitBreakerConfig>::default
DA:28,30
DA:30,90
DA:31,60
DA:32,60
DA:33,60
DA:38,82
DA:42,328
DA:44,82
DA:45,0
DA:46,66
DA:49,66
DA:52,22
DA:53,24
DA:54,12
DA:56,10
DA:59,60
DA:62,72
DA:63,18
DA:64,54
DA:65,18
DA:67,54
DA:68,162
DA:69,54
DA:74,18
DA:75,54
DA:77,18
DA:79,42
DA:80,14
DA:81,12
DA:82,6
DA:83,18
DA:86,4
DA:87,8
DA:89,0
DA:93,54
DA:94,162
DA:95,108
DA:97,162
DA:99,54
DA:101,50
DA:102,44
DA:103,22
DA:107,8
DA:108,4
DA:110,0
DA:114,54
DA:115,108
DA:118,4
DA:119,8
DA:120,12
DA:121,12
DA:122,8
DA:123,8
DA:128,8
DA:132,8
LF:55
LH:52
end_of_record
TN:
SF:/Users/evintleovonzko/Documents/Works/Kolosal/torch-inference/src/resilience/per_model_breaker.rs
FN:23,<impl Default for CircuitBreakerConfig>::default
FN:41,CircuitBreaker::new
FN:51,CircuitBreaker::call
FN:94,CircuitBreaker::on_success
FN:115,CircuitBreaker::on_failure
FN:129,CircuitBreaker::get_state
FN:141,<impl Display for CircuitBreakerError<E>>::fmt
FN:158,CircuitBreakerRegistry::new
FN:165,CircuitBreakerRegistry::get_or_create
FN:174,CircuitBreakerRegistry::get_all_states
FN:185,<impl Default for CircuitBreakerRegistry>::default
FNF:11
FNDA:18,<impl Default for CircuitBreakerConfig>::default
FNDA:32,CircuitBreaker::new
FNDA:50,CircuitBreaker::call
FNDA:20,CircuitBreaker::on_success
FNDA:76,CircuitBreaker::on_failure
FNDA:60,CircuitBreaker::get_state
FNDA:4,<impl Display for CircuitBreakerError<E>>::fmt
FNDA:14,CircuitBreakerRegistry::new
FNDA:16,CircuitBreakerRegistry::get_or_create
FNDA:12,CircuitBreakerRegistry::get_all_states
FNDA:2,<impl Default for CircuitBreakerRegistry>::default
DA:23,18
DA:27,18
DA:41,32
DA:43,128
DA:44,64
DA:45,64
DA:46,96
DA:51,50
DA:56,100
DA:58,50
DA:59,0
DA:61,6
DA:62,12
DA:63,6
DA:64,18
DA:68,6
DA:69,8
DA:70,4
DA:71,8
DA:73,2
DA:76,44
DA:77,44
DA:82,96
DA:83,10
DA:84,20
DA:85,10
DA:87,38
DA:88,76
DA:89,38
DA:94,20
DA:95,20
DA:97,10
DA:99,18
DA:100,6
DA:101,4
DA:102,2
DA:103,6
DA:104,6
DA:107,4
DA:109,8
DA:111,0
DA:115,76
DA:116,114
DA:117,114
DA:119,38
DA:120,28
DA:121,14
DA:122,28
DA:123,14
DA:124,42
DA:129,60
DA:130,60
DA:141,4
DA:142,4
DA:143,6
DA:144,8
DA:158,14
DA:160,14
DA:165,16
DA:166,16
DA:167,48
DA:168,30
DA:169,56
DA:174,12
DA:175,12
DA:176,18
DA:177,12
DA:178,24
DA:180,6
DA:185,2
DA:186,4
LF:71
LH:69
end_of_record
TN:
SF:/Users/evintleovonzko/Documents/Works/Kolosal/torch-inference/src/resilience/retry.rs
FN:18,<impl Default for RetryPolicy>::default
FN:30,RetryPolicy::new
FN:37,RetryPolicy::with_delays
FN:51,RetryPolicy::execute
FN:96,RetryPolicy::execute_if
FN:141,RetryPolicy::calculate_delay
FNF:6
FNDA:20,<impl Default for RetryPolicy>::default
FNDA:16,RetryPolicy::new
FNDA:2,RetryPolicy::with_delays
FNDA:18,RetryPolicy::execute
FNDA:18,RetryPolicy::execute_if
FNDA:108,RetryPolicy::calculate_delay
DA:18,20
DA:21,20
DA:22,20
DA:30,16
DA:37,2
DA:51,18
DA:57,36
DA:58,54
DA:60,0
DA:61,96
DA:62,10
DA:63,10
DA:64,8
DA:65,0
DA:66,0
DA:69,10
DA:71,38
DA:72,38
DA:74,38
DA:75,8
DA:76,0
DA:77,0
DA:79,8
DA:82,120
DA:83,30
DA:84,0
DA:85,0
DA:88,60
DA:89,60
DA:96,18
DA:103,36
DA:105,0
DA:106,88
DA:107,8
DA:108,8
DA:109,6
DA:111,8
DA:113,36
DA:114,36
DA:115,4
DA:116,4
DA:119,32
DA:121,32
DA:122,6
DA:123,0
DA:124,0
DA:126,6
DA:129,104
DA:130,26
DA:131,0
DA:132,0
DA:135,52
DA:141,108
DA:142,216
DA:143,432
DA:144,432
DA:146,216
DA:147,96
DA:148,192
DA:149,96
DA:151,60
DA:154,216
LF:62
LH:50
end_of_record
TN:
SF:/Users/evintleovonzko/Documents/Works/Kolosal/torch-inference/src/resilience/token_bucket.rs
FN:16,TokenBucket::new
FN:25,TokenBucket::try_acquire
FN:37,TokenBucket::acquire
FN:48,TokenBucket::refill
FN:61,TokenBucket::available_tokens
FN:66,TokenBucket::time_until_token
FN:87,KeyedRateLimiter::new
FN:95,KeyedRateLimiter::try_acquire
FN:100,KeyedRateLimiter::acquire
FN:105,KeyedRateLimiter::get_or_create_limiter
FN:114,KeyedRateLimiter::get_stats
FN:129,KeyedRateLimiter::remove
FN:133,KeyedRateLimiter::clear
FNF:13
FNDA:42,TokenBucket::new
FNDA:132,TokenBucket::try_acquire
FNDA:20,TokenBucket::acquire
FNDA:160,TokenBucket::refill
FNDA:20,TokenBucket::available_tokens
FNDA:8,TokenBucket::time_until_token
FNDA:18,KeyedRateLimiter::new
FNDA:48,KeyedRateLimiter::try_acquire
FNDA:8,KeyedRateLimiter::acquire
FNDA:28,KeyedRateLimiter::get_or_create_limiter
FNDA:24,KeyedRateLimiter::get_stats
FNDA:4,KeyedRateLimiter::remove
FNDA:2,KeyedRateLimiter::clear
DA:16,42
DA:18,84
DA:19,168
DA:21,84
DA:25,132
DA:26,132
DA:28,132
DA:29,66
DA:30,48
DA:31,48
DA:33,18
DA:37,20
DA:38,30
DA:39,4
DA:41,12
DA:42,12
DA:43,18
DA:44,6
DA:48,160
DA:49,160
DA:50,160
DA:51,320
DA:53,160
DA:54,80
DA:55,160
DA:56,240
DA:57,80
DA:61,20
DA:62,20
DA:63,20
DA:66,8
DA:67,8
DA:68,8
DA:70,4
DA:71,2
DA:73,4
DA:74,4
DA:87,18
DA:89,36
DA:95,48
DA:96,96
DA:97,48
DA:100,8
DA:101,16
DA:102,8
DA:105,28
DA:106,28
DA:107,84
DA:108,46
DA:109,72
DA:114,24
DA:115,12
DA:116,24
DA:117,16
DA:118,8
DA:119,8
DA:122,28
DA:123,4
DA:125,8
DA:129,4
DA:130,12
DA:133,2
DA:134,4
LF:63
LH:63
end_of_record
TN:
SF:/Users/evintleovonzko/Documents/Works/Kolosal/torch-inference/src/security/mod.rs
FN:16,SecurityMitigation::new
FN:24,SecurityMitigation::validate_input
FN:29,SecurityMitigation::sanitize_output
FN:36,<impl Default for SecurityMitigation>::default
FNF:4
FNDA:14,SecurityMitigation::new
FNDA:2,SecurityMitigation::validate_input
FNDA:2,SecurityMitigation::sanitize_output
FNDA:2,<impl Default for SecurityMitigation>::default
DA:16,14
DA:24,2
DA:26,2
DA:29,2
DA:31,2
DA:36,2
DA:37,2
LF:7
LH:7
end_of_record
TN:
SF:/Users/evintleovonzko/Documents/Works/Kolosal/torch-inference/src/security/sanitizer.rs
FN:19,Sanitizer::new
FN:24,Sanitizer::sanitize_input
FN:73,Sanitizer::sanitize_text
FN:87,Sanitizer::sanitize_text_input
FN:101,Sanitizer::sanitize_image_input
FN:126,Sanitizer::sanitize_output
FNF:6
FNDA:190,Sanitizer::new
FNDA:110,Sanitizer::sanitize_input
FNDA:82,Sanitizer::sanitize_text
FNDA:14,Sanitizer::sanitize_text_input
FNDA:12,Sanitizer::sanitize_image_input
FNDA:62,Sanitizer::sanitize_output
DA:19,190
DA:24,110
DA:25,110
DA:26,38
DA:27,76
DA:28,144
DA:30,152
DA:33,94
DA:34,42
DA:35,44
DA:36,32
DA:38,48
DA:41,120
DA:43,30
DA:45,8
DA:46,16
DA:47,44
DA:48,90
DA:50,8
DA:52,36
DA:53,36
DA:54,102
DA:56,2
DA:59,20
DA:61,40
DA:62,80
DA:63,0
DA:66,20
DA:68,8
DA:73,82
DA:74,164
DA:75,6
DA:79,320
DA:84,80
DA:87,14
DA:88,14
DA:89,42
DA:90,2
DA:91,4
DA:92,10
DA:93,20
DA:95,2
DA:97,2
DA:101,12
DA:103,18
DA:104,6
DA:105,2
DA:108,44
DA:109,2
DA:113,14
DA:114,6
DA:115,56
DA:116,6
DA:117,2
DA:122,6
DA:126,62
DA:127,62
DA:128,20
DA:129,40
DA:130,104
DA:132,54
DA:133,4
DA:136,88
DA:137,4
DA:139,60
DA:142,100
DA:144,20
DA:146,6
DA:147,12
DA:148,48
DA:149,56
DA:151,6
DA:153,20
DA:154,20
DA:155,24
DA:157,36
DA:158,36
DA:159,24
DA:160,12
DA:164,8
DA:166,32
LF:81
LH:80
end_of_record
TN:
SF:/Users/evintleovonzko/Documents/Works/Kolosal/torch-inference/src/security/validation.rs
FN:34,<impl Default for RequestValidator>::default
FN:45,RequestValidator::new
FN:59,RequestValidator::validate_model_name
FN:91,RequestValidator::validate_inputs
FN:114,RequestValidator::validate_input_size
FN:130,RequestValidator::sanitize_malicious_patterns
FN:167,RequestValidator::validate_priority
FN:180,RequestValidator::validate_timeout
FN:197,RequestValidator::validate_request
FNF:9
FNDA:48,<impl Default for RequestValidator>::default
FNDA:6,RequestValidator::new
FNDA:38,RequestValidator::validate_model_name
FNDA:32,RequestValidator::validate_inputs
FNDA:26,RequestValidator::validate_input_size
FNDA:24,RequestValidator::sanitize_malicious_patterns
FNDA:18,RequestValidator::validate_priority
FNDA:22,RequestValidator::validate_timeout
FNDA:10,RequestValidator::validate_request
DA:34,48
DA:39,96
DA:45,6
DA:54,12
DA:59,38
DA:60,76
DA:61,4
DA:62,4
DA:66,68
DA:67,8
DA:68,8
DA:69,4
DA:70,4
DA:74,60
DA:75,8
DA:76,8
DA:81,116
DA:82,4
DA:83,4
DA:87,18
DA:91,32
DA:92,64
DA:93,4
DA:94,4
DA:98,56
DA:99,2
DA:100,4
DA:101,2
DA:105,130
DA:106,106
DA:107,112
DA:110,8
DA:114,26
DA:115,78
DA:116,78
DA:119,26
DA:120,2
DA:121,2
DA:122,2
DA:126,24
DA:130,24
DA:135,96
DA:138,24
DA:139,22
DA:141,4
DA:142,4
DA:147,20
DA:148,18
DA:149,16
DA:151,6
DA:152,6
DA:157,36
DA:158,6
DA:159,6
DA:163,8
DA:167,18
DA:168,32
DA:169,26
DA:170,6
DA:171,6
DA:172,6
DA:176,12
DA:180,22
DA:181,42
DA:182,20
DA:183,6
DA:184,6
DA:187,14
DA:188,4
DA:189,4
DA:193,12
DA:197,10
DA:204,32
DA:205,26
DA:206,20
DA:207,14
DA:208,2
LF:77
LH:77
end_of_record
TN:
SF:/Users/evintleovonzko/Documents/Works/Kolosal/torch-inference/src/telemetry/logger.rs
FN:10,format_log_record
FN:43,setup_logging
FNF:2
FNDA:24,format_log_record
FNDA:18,setup_logging
DA:10,24
DA:14,48
DA:15,4
DA:16,4
DA:17,8
DA:18,4
DA:19,4
DA:22,96
DA:23,72
DA:26,72
DA:27,72
DA:29,6
DA:32,24
DA:33,24
DA:38,48
DA:43,18
DA:44,36
DA:45,30
DA:47,36
DA:49,36
DA:50,36
DA:51,18
DA:55,36
LF:23
LH:23
end_of_record
TN:
SF:/Users/evintleovonzko/Documents/Works/Kolosal/torch-inference/src/telemetry/metrics.rs
FN:30,MetricsCollector::new
FN:38,MetricsCollector::record_request
FN:42,MetricsCollector::record_error
FN:46,MetricsCollector::record_inference
FN:65,MetricsCollector::get_request_metrics
FN:77,<impl Default for MetricsCollector>::default
FNF:6
FNDA:120,MetricsCollector::new
FNDA:36,MetricsCollector::record_request
FNDA:12,MetricsCollector::record_error
FNDA:26,MetricsCollector::record_inference
FNDA:30,MetricsCollector::get_request_metrics
FNDA:2,<impl Default for MetricsCollector>::default
DA:30,120
DA:32,240
DA:33,120
DA:34,120
DA:38,36
DA:39,108
DA:42,12
DA:43,36
DA:46,26
DA:47,52
DA:49,64
DA:50,12
DA:51,24
DA:52,24
DA:53,12
DA:54,12
DA:56,100
DA:57,60
DA:58,20
DA:59,20
DA:60,20
DA:65,30
DA:67,120
DA:68,60
DA:77,2
DA:78,2
LF:26
LH:26
end_of_record
TN:
SF:/Users/evintleovonzko/Documents/Works/Kolosal/torch-inference/src/telemetry/prometheus.rs
FN:225,init_metrics
FN:230,render_metrics
FN:235,record_request
FN:238,update_active_requests
FN:241,update_cache_metrics
FN:244,record_batch_size
FN:247,record_queue_time
FN:250,record_model_load_time
FN:253,update_model_instances
FN:256,update_queue_depth
FNF:10
FNDA:2,init_metrics
FNDA:10,render_metrics
FNDA:4,record_request
FNDA:4,update_active_requests
FNDA:4,update_cache_metrics
FNDA:4,record_batch_size
FNDA:4,record_queue_time
FNDA:4,record_model_load_time
FNDA:4,update_model_instances
FNDA:4,update_queue_depth
DA:225,2
DA:226,2
DA:230,10
DA:231,10
DA:235,4
DA:238,4
DA:241,4
DA:244,4
DA:247,4
DA:250,4
DA:253,4
DA:256,4
LF:12
LH:12
end_of_record
TN:
SF:/Users/evintleovonzko/Documents/Works/Kolosal/torch-inference/src/telemetry/structured_logging.rs
FN:12,init_structured_logging
FNF:1
FNDA:8,init_structured_logging
DA:12,8
DA:13,16
DA:14,16
DA:16,32
DA:18,8
DA:20,8
DA:29,4
DA:32,8
DA:34,8
DA:35,8
DA:38,6
DA:40,14
DA:41,6
DA:45,10
DA:46,6
DA:51,12
DA:56,8
DA:59,20
DA:60,12
DA:64,8
DA:151,112
DA:152,112
DA:155,42
DA:156,42
DA:159,246
DA:160,246
DA:165,6
DA:166,6
DA:182,16
DA:187,16
DA:191,0
DA:197,16
DA:202,16
DA:206,0
DA:259,82
DA:261,82
DA:266,98
DA:267,98
DA:270,20
DA:271,20
DA:272,0
DA:274,0
DA:280,8
DA:281,8
DA:282,0
DA:284,0
LF:46
LH:40
end_of_record
TN:
SF:/Users/evintleovonzko/Documents/Works/Kolosal/torch-inference/src/tensor_pool.rs
FN:21,TensorShape::new
FN:28,TensorPool::new
FN:38,TensorPool::acquire
FN:54,TensorPool::release
FN:69,TensorPool::clear
FN:75,TensorPool::get_stats
FN:107,<impl Default for TensorPool>::default
FNF:7
FNDA:22,TensorShape::new
FNDA:18,TensorPool::new
FNDA:24,TensorPool::acquire
FNDA:16,TensorPool::release
FNDA:2,TensorPool::clear
FNDA:14,TensorPool::get_stats
FNDA:2,<impl Default for TensorPool>::default
DA:21,22
DA:22,66
DA:28,18
DA:30,36
DA:32,18
DA:33,18
DA:38,24
DA:39,52
DA:40,8
DA:41,12
DA:42,8
DA:43,4
DA:48,60
DA:49,40
DA:50,40
DA:54,16
DA:55,80
DA:56,16
DA:58,16
DA:60,14
DA:61,28
DA:62,28
DA:64,4
DA:69,2
DA:70,4
DA:71,4
DA:75,14
DA:76,56
DA:77,30
DA:80,56
DA:81,56
DA:82,28
DA:83,28
DA:84,12
DA:86,2
DA:107,2
DA:108,2
LF:37
LH:37
end_of_record
TN:
SF:/Users/evintleovonzko/Documents/Works/Kolosal/torch-inference/src/worker_pool.rs
FN:42,Worker::new
FN:54,Worker::get_state
FN:58,Worker::set_state
FN:63,Worker::record_task
FN:68,Worker::update_last_active
FN:72,Worker::get_stats
FN:103,<impl Default for WorkerPoolConfig>::default
FN:132,WorkerPool::new
FN:148,WorkerPool::initialize
FN:169,WorkerPool::add_worker
FN:190,WorkerPool::remove_idle_worker
FN:271,WorkerPool::acquire_worker
FN:292,WorkerPool::release_worker
FN:310,WorkerPool::record_failure
FN:315,WorkerPool::set_queue_size
FN:325,WorkerPool::worker_count
FN:330,WorkerPool::active_worker_count
FN:344,WorkerPool::start_auto_scaler
FN:392,WorkerPool::start_health_checker
FN:433,WorkerPool::get_stats
FN:466,WorkerPool::pause_all
FN:478,WorkerPool::resume_all
FN:490,WorkerPool::shutdown
FNF:23
FNDA:128,Worker::new
FNDA:170,Worker::get_state
FNDA:232,Worker::set_state
FNDA:36,Worker::record_task
FNDA:100,Worker::update_last_active
FNDA:580,Worker::get_stats
FNDA:52,<impl Default for WorkerPoolConfig>::default
FNDA:60,WorkerPool::new
FNDA:112,WorkerPool::initialize
FNDA:228,WorkerPool::add_worker
FNDA:24,WorkerPool::remove_idle_worker
FNDA:48,WorkerPool::acquire_worker
FNDA:44,WorkerPool::release_worker
FNDA:6,WorkerPool::record_failure
FNDA:6,WorkerPool::set_queue_size
FNDA:52,WorkerPool::worker_count
FNDA:16,WorkerPool::active_worker_count
FNDA:14,WorkerPool::start_auto_scaler
FNDA:56,WorkerPool::start_health_checker
FNDA:32,WorkerPool::get_stats
FNDA:8,WorkerPool::pause_all
FNDA:8,WorkerPool::resume_all
FNDA:28,WorkerPool::shutdown
DA:42,128
DA:45,512
DA:46,256
DA:47,256
DA:48,256
DA:49,384
DA:54,170
DA:55,144
DA:58,232
DA:59,336
DA:60,224
DA:63,36
DA:64,108
DA:65,144
DA:68,100
DA:69,150
DA:72,580
DA:73,160
DA:74,160
DA:75,120
DA:78,40
DA:79,80
DA:83,80
DA:84,80
DA:103,52
DA:132,60
DA:133,120
DA:134,180
DA:135,240
DA:136,120
DA:137,120
DA:138,120
DA:139,120
DA:140,180
DA:141,180
DA:142,240
DA:143,120
DA:148,112
DA:149,168
DA:150,112
DA:152,56
DA:153,86
DA:157,70
DA:158,14
DA:162,56
DA:164,112
DA:165,56
DA:169,228
DA:170,228
DA:171,228
DA:173,114
DA:174,2
DA:177,448
DA:178,336
DA:181,224
DA:183,336
DA:185,336
DA:186,112
DA:190,24
DA:191,20
DA:193,30
DA:195,10
DA:196,4
DA:200,6
DA:201,18
DA:202,6
DA:205,10
DA:207,8
DA:208,8
DA:209,12
DA:210,8
DA:243,24
DA:244,24
DA:245,12
DA:246,8
DA:247,8
DA:250,12
DA:251,32
DA:252,8
DA:255,12
DA:256,4
DA:257,0
DA:261,12
DA:262,12
DA:263,4
DA:267,2
DA:271,48
DA:273,24
DA:274,72
DA:275,24
DA:278,48
DA:279,48
DA:280,70
DA:281,44
DA:282,22
DA:283,22
DA:288,2
DA:292,44
DA:293,44
DA:294,44
DA:295,22
DA:304,44
DA:306,66
DA:310,6
DA:311,18
DA:315,6
DA:316,24
DA:319,8
DA:320,2
DA:325,52
DA:326,78
DA:330,16
DA:331,12
DA:332,12
DA:334,30
DA:335,56
DA:336,2
DA:340,6
DA:344,14
DA:345,42
DA:346,42
DA:347,84
DA:348,42
DA:349,42
DA:350,42
DA:352,24
DA:353,20
DA:355,40
DA:356,20
DA:357,30
DA:358,40
DA:361,30
DA:362,40
DA:365,16
DA:366,0
DA:367,0
DA:368,0
DA:373,30
DA:375,14
DA:376,8
DA:378,4
DA:379,8
DA:380,8
DA:381,0
DA:387,0
DA:392,56
DA:393,168
DA:394,168
DA:395,168
DA:397,68
DA:398,24
DA:400,524
DA:401,780
DA:403,500
DA:404,500
DA:406,1500
DA:407,1000
DA:410,1000
DA:411,1500
DA:413,996
DA:414,0
DA:415,0
DA:420,250
DA:421,0
DA:425,750
DA:428,4
DA:433,32
DA:434,32
DA:435,32
DA:437,64
DA:438,96
DA:441,32
DA:442,80
DA:445,64
DA:446,64
DA:447,32
DA:448,6
DA:450,10
DA:454,32
DA:456,32
DA:460,48
DA:466,8
DA:467,8
DA:468,8
DA:470,16
DA:471,24
DA:472,12
DA:478,8
DA:479,8
DA:480,8
DA:482,16
DA:483,24
DA:484,12
DA:490,28
DA:491,28
DA:492,28
DA:494,28
DA:495,54
DA:496,52
DA:499,28
LF:200
LH:191
end_of_record
