<?xml version="1.0" encoding="UTF-8"?>
<testsuites name="jest tests" tests="47" failures="0" errors="0" time="0.312">
  <testsuite name="Model download list &amp; cache" errors="0" failures="0" skipped="0" timestamp="2026-04-27T16:17:16" time="0.152" tests="11">
    <testcase classname="Model download list &amp; cache" name="GET /models/download/list returns active downloads" time="0.009">
    </testcase>
    <testcase classname="Model download list &amp; cache" name="GET /models/managed returns managed models" time="0.002">
    </testcase>
    <testcase classname="Model download list &amp; cache" name="GET /models/cache/info returns cache statistics" time="0.001">
    </testcase>
    <testcase classname="Available models catalog" name="GET /models/available returns downloadable models" time="0.002">
    </testcase>
    <testcase classname="Available models catalog" name="GET /models/sota returns SOTA model registry" time="0.001">
    </testcase>
    <testcase classname="Model download trigger" name="POST /models/download with missing model_name returns 400/422" time="0.001">
    </testcase>
    <testcase classname="Model download trigger" name="POST /models/download with valid payload starts task" time="0.002">
    </testcase>
    <testcase classname="Model download trigger" name="GET /models/download/status/:id with unknown id returns 404" time="0.001">
    </testcase>
    <testcase classname="Model info &amp; deletion" name="GET /models/download/:name/info for unknown model returns 404" time="0.002">
    </testcase>
    <testcase classname="Model info &amp; deletion" name="DELETE /models/download/:name for unknown model returns 404 or error" time="0">
    </testcase>
    <testcase classname="SOTA model download" name="POST /models/sota/:model_id with unknown model returns 404/400" time="0">
    </testcase>
  </testsuite>
  <testsuite name="TTS health" errors="0" failures="0" skipped="0" timestamp="2026-04-27T16:17:17" time="0.031" tests="10">
    <testcase classname="TTS health" name="GET /tts/health returns status" time="0.001">
    </testcase>
    <testcase classname="TTS engines" name="GET /tts/engines returns list of engines" time="0.001">
    </testcase>
    <testcase classname="TTS engines" name="GET /tts/engines/:id/capabilities returns engine capabilities" time="0.003">
    </testcase>
    <testcase classname="TTS engines" name="GET /tts/engines/:id/voices returns voice list" time="0.001">
    </testcase>
    <testcase classname="TTS stats" name="GET /tts/stats returns synthesis stats" time="0.001">
    </testcase>
    <testcase classname="TTS synthesis" name="POST /tts/synthesize rejects empty text" time="0.001">
    </testcase>
    <testcase classname="TTS synthesis" name="POST /tts/synthesize returns audio for short text" time="0">
    </testcase>
    <testcase classname="TTS synthesis" name="POST /tts/synthesize accepts voice and language params" time="0.001">
    </testcase>
    <testcase classname="TTS synthesis" name="POST /tts/synthesize rejects text exceeding max length" time="0.001">
    </testcase>
    <testcase classname="TTS synthesis" name="POST /audio/synthesize is an alias for TTS synthesis" time="0.001">
    </testcase>
  </testsuite>
  <testsuite name="Registry listing &amp; stats" errors="0" failures="0" skipped="0" timestamp="2026-04-27T16:17:17" time="0.031" tests="11">
    <testcase classname="Registry listing &amp; stats" name="GET /registry/models returns registered models" time="0.001">
    </testcase>
    <testcase classname="Registry listing &amp; stats" name="GET /registry/models with format filter" time="0.004">
    </testcase>
    <testcase classname="Registry listing &amp; stats" name="GET /registry/stats returns statistics" time="0.001">
    </testcase>
    <testcase classname="Registry listing &amp; stats" name="GET /registry/export returns full registry export" time="0">
    </testcase>
    <testcase classname="Registry registration" name="POST /registry/register with missing path returns 400/422" time="0.001">
    </testcase>
    <testcase classname="Registry registration" name="POST /registry/register with nonexistent path returns error" time="0.001">
    </testcase>
    <testcase classname="Registry registration" name="POST /registry/scan with nonexistent path returns error" time="0">
    </testcase>
    <testcase classname="Registry model operations" name="GET /registry/models/:id with unknown id returns 404" time="0">
    </testcase>
    <testcase classname="Registry model operations" name="POST /registry/models/:id/load with unknown id returns 404" time="0.001">
    </testcase>
    <testcase classname="Registry model operations" name="POST /registry/infer with missing model_id returns 400/422" time="0.001">
    </testcase>
    <testcase classname="Registry model operations" name="POST /registry/infer with unknown model_id returns 404" time="0">
    </testcase>
  </testsuite>
  <testsuite name="API model catalog" errors="0" failures="0" skipped="0" timestamp="2026-04-27T16:17:17" time="0.034" tests="8">
    <testcase classname="API model catalog" name="GET /api/models returns full model registry" time="0.001">
    </testcase>
    <testcase classname="API model catalog" name="GET /api/models response is non-empty" time="0.001">
    </testcase>
    <testcase classname="API single model info" name="GET /api/models/:model_id returns model details" time="0.001">
    </testcase>
    <testcase classname="API single model info" name="GET /api/models/nonexistent returns 404" time="0">
    </testcase>
    <testcase classname="API downloaded models" name="GET /api/models/downloaded returns downloaded models list" time="0.001">
    </testcase>
    <testcase classname="API model download" name="POST /api/models/download with missing model_id returns 400/422" time="0.001">
    </testcase>
    <testcase classname="API model download" name="POST /api/models/download with unknown model_id returns 404/400" time="0.001">
    </testcase>
    <testcase classname="API model comparison" name="GET /api/models/comparison returns comparison data" time="0.001">
    </testcase>
  </testsuite>
  <testsuite name="Image health" errors="0" failures="0" skipped="0" timestamp="2026-04-27T16:17:17" time="0.028" tests="7">
    <testcase classname="Image health" name="GET /image/health returns status" time="0.002">
    </testcase>
    <testcase classname="Image security stats" name="GET /image/security/stats returns statistics" time="0.001">
    </testcase>
    <testcase classname="Image security validation" name="POST /image/validate/security with PNG returns security result" time="0.001">
    </testcase>
    <testcase classname="Image security validation" name="POST /image/validate/security with invalid security_level is handled" time="0.001">
    </testcase>
    <testcase classname="Image security validation" name="POST /image/validate/security without image returns 400" time="0">
    </testcase>
    <testcase classname="Image processing (secure)" name="POST /image/process/secure with PNG returns result" time="0.001">
    </testcase>
    <testcase classname="Image processing (secure)" name="POST /image/process/secure without body returns 400" time="0.001">
    </testcase>
  </testsuite>
</testsuites>