{
  "numTotalTests": 47,
  "numPassedTests": 47,
  "numFailedTests": 0,
  "numPendingTests": 0,
  "startTime": 1777306636934,
  "success": false,
  "testResults": [
    {
      "testFilePath": "/Users/evintleovonzko/Documents/works/netraRT/torch-inference/tests/jest/tests/models.test.js",
      "numPassingTests": 11,
      "numFailingTests": 0,
      "testResults": [
        {
          "fullName": "Model download list & cache GET /models/download/list returns active downloads",
          "status": "passed",
          "duration": 9,
          "failureMessages": []
        },
        {
          "fullName": "Model download list & cache GET /models/managed returns managed models",
          "status": "passed",
          "duration": 2,
          "failureMessages": []
        },
        {
          "fullName": "Model download list & cache GET /models/cache/info returns cache statistics",
          "status": "passed",
          "duration": 1,
          "failureMessages": []
        },
        {
          "fullName": "Available models catalog GET /models/available returns downloadable models",
          "status": "passed",
          "duration": 2,
          "failureMessages": []
        },
        {
          "fullName": "Available models catalog GET /models/sota returns SOTA model registry",
          "status": "passed",
          "duration": 1,
          "failureMessages": []
        },
        {
          "fullName": "Model download trigger POST /models/download with missing model_name returns 400/422",
          "status": "passed",
          "duration": 1,
          "failureMessages": []
        },
        {
          "fullName": "Model download trigger POST /models/download with valid payload starts task",
          "status": "passed",
          "duration": 2,
          "failureMessages": []
        },
        {
          "fullName": "Model download trigger GET /models/download/status/:id with unknown id returns 404",
          "status": "passed",
          "duration": 1,
          "failureMessages": []
        },
        {
          "fullName": "Model info & deletion GET /models/download/:name/info for unknown model returns 404",
          "status": "passed",
          "duration": 2,
          "failureMessages": []
        },
        {
          "fullName": "Model info & deletion DELETE /models/download/:name for unknown model returns 404 or error",
          "status": "passed",
          "duration": 0,
          "failureMessages": []
        },
        {
          "fullName": "SOTA model download POST /models/sota/:model_id with unknown model returns 404/400",
          "status": "passed",
          "duration": 0,
          "failureMessages": []
        }
      ]
    },
    {
      "testFilePath": "/Users/evintleovonzko/Documents/works/netraRT/torch-inference/tests/jest/tests/tts.test.js",
      "numPassingTests": 10,
      "numFailingTests": 0,
      "testResults": [
        {
          "fullName": "TTS health GET /tts/health returns status",
          "status": "passed",
          "duration": 1,
          "failureMessages": []
        },
        {
          "fullName": "TTS engines GET /tts/engines returns list of engines",
          "status": "passed",
          "duration": 1,
          "failureMessages": []
        },
        {
          "fullName": "TTS engines GET /tts/engines/:id/capabilities returns engine capabilities",
          "status": "passed",
          "duration": 3,
          "failureMessages": []
        },
        {
          "fullName": "TTS engines GET /tts/engines/:id/voices returns voice list",
          "status": "passed",
          "duration": 1,
          "failureMessages": []
        },
        {
          "fullName": "TTS stats GET /tts/stats returns synthesis stats",
          "status": "passed",
          "duration": 1,
          "failureMessages": []
        },
        {
          "fullName": "TTS synthesis POST /tts/synthesize rejects empty text",
          "status": "passed",
          "duration": 1,
          "failureMessages": []
        },
        {
          "fullName": "TTS synthesis POST /tts/synthesize returns audio for short text",
          "status": "passed",
          "duration": 0,
          "failureMessages": []
        },
        {
          "fullName": "TTS synthesis POST /tts/synthesize accepts voice and language params",
          "status": "passed",
          "duration": 1,
          "failureMessages": []
        },
        {
          "fullName": "TTS synthesis POST /tts/synthesize rejects text exceeding max length",
          "status": "passed",
          "duration": 1,
          "failureMessages": []
        },
        {
          "fullName": "TTS synthesis POST /audio/synthesize is an alias for TTS synthesis",
          "status": "passed",
          "duration": 1,
          "failureMessages": []
        }
      ]
    },
    {
      "testFilePath": "/Users/evintleovonzko/Documents/works/netraRT/torch-inference/tests/jest/tests/registry.test.js",
      "numPassingTests": 11,
      "numFailingTests": 0,
      "testResults": [
        {
          "fullName": "Registry listing & stats GET /registry/models returns registered models",
          "status": "passed",
          "duration": 1,
          "failureMessages": []
        },
        {
          "fullName": "Registry listing & stats GET /registry/models with format filter",
          "status": "passed",
          "duration": 4,
          "failureMessages": []
        },
        {
          "fullName": "Registry listing & stats GET /registry/stats returns statistics",
          "status": "passed",
          "duration": 1,
          "failureMessages": []
        },
        {
          "fullName": "Registry listing & stats GET /registry/export returns full registry export",
          "status": "passed",
          "duration": 0,
          "failureMessages": []
        },
        {
          "fullName": "Registry registration POST /registry/register with missing path returns 400/422",
          "status": "passed",
          "duration": 1,
          "failureMessages": []
        },
        {
          "fullName": "Registry registration POST /registry/register with nonexistent path returns error",
          "status": "passed",
          "duration": 1,
          "failureMessages": []
        },
        {
          "fullName": "Registry registration POST /registry/scan with nonexistent path returns error",
          "status": "passed",
          "duration": 0,
          "failureMessages": []
        },
        {
          "fullName": "Registry model operations GET /registry/models/:id with unknown id returns 404",
          "status": "passed",
          "duration": 0,
          "failureMessages": []
        },
        {
          "fullName": "Registry model operations POST /registry/models/:id/load with unknown id returns 404",
          "status": "passed",
          "duration": 1,
          "failureMessages": []
        },
        {
          "fullName": "Registry model operations POST /registry/infer with missing model_id returns 400/422",
          "status": "passed",
          "duration": 1,
          "failureMessages": []
        },
        {
          "fullName": "Registry model operations POST /registry/infer with unknown model_id returns 404",
          "status": "passed",
          "duration": 0,
          "failureMessages": []
        }
      ]
    },
    {
      "testFilePath": "/Users/evintleovonzko/Documents/works/netraRT/torch-inference/tests/jest/tests/api_models.test.js",
      "numPassingTests": 8,
      "numFailingTests": 0,
      "testResults": [
        {
          "fullName": "API model catalog GET /api/models returns full model registry",
          "status": "passed",
          "duration": 1,
          "failureMessages": []
        },
        {
          "fullName": "API model catalog GET /api/models response is non-empty",
          "status": "passed",
          "duration": 1,
          "failureMessages": []
        },
        {
          "fullName": "API single model info GET /api/models/:model_id returns model details",
          "status": "passed",
          "duration": 1,
          "failureMessages": []
        },
        {
          "fullName": "API single model info GET /api/models/nonexistent returns 404",
          "status": "passed",
          "duration": 0,
          "failureMessages": []
        },
        {
          "fullName": "API downloaded models GET /api/models/downloaded returns downloaded models list",
          "status": "passed",
          "duration": 1,
          "failureMessages": []
        },
        {
          "fullName": "API model download POST /api/models/download with missing model_id returns 400/422",
          "status": "passed",
          "duration": 1,
          "failureMessages": []
        },
        {
          "fullName": "API model download POST /api/models/download with unknown model_id returns 404/400",
          "status": "passed",
          "duration": 1,
          "failureMessages": []
        },
        {
          "fullName": "API model comparison GET /api/models/comparison returns comparison data",
          "status": "passed",
          "duration": 1,
          "failureMessages": []
        }
      ]
    },
    {
      "testFilePath": "/Users/evintleovonzko/Documents/works/netraRT/torch-inference/tests/jest/tests/image.test.js",
      "numPassingTests": 7,
      "numFailingTests": 0,
      "testResults": [
        {
          "fullName": "Image health GET /image/health returns status",
          "status": "passed",
          "duration": 2,
          "failureMessages": []
        },
        {
          "fullName": "Image security stats GET /image/security/stats returns statistics",
          "status": "passed",
          "duration": 1,
          "failureMessages": []
        },
        {
          "fullName": "Image security validation POST /image/validate/security with PNG returns security result",
          "status": "passed",
          "duration": 1,
          "failureMessages": []
        },
        {
          "fullName": "Image security validation POST /image/validate/security with invalid security_level is handled",
          "status": "passed",
          "duration": 1,
          "failureMessages": []
        },
        {
          "fullName": "Image security validation POST /image/validate/security without image returns 400",
          "status": "passed",
          "duration": 0,
          "failureMessages": []
        },
        {
          "fullName": "Image processing (secure) POST /image/process/secure with PNG returns result",
          "status": "passed",
          "duration": 1,
          "failureMessages": []
        },
        {
          "fullName": "Image processing (secure) POST /image/process/secure without body returns 400",
          "status": "passed",
          "duration": 1,
          "failureMessages": []
        }
      ]
    }
  ]
}